{"C:\\Users\\Ziana Mega Devi\\Desktop\\Enigma\\react-native\\my-app\\assets\\img\\background.jpg": {"path":"C:\\Users\\Ziana Mega Devi\\Desktop\\Enigma\\react-native\\my-app\\assets\\img\\background.jpg","statementMap":{"0":{"start":{"line":1,"column":0},"end":{"line":1,"column":19}}},"fnMap":{},"branchMap":{},"s":{"0":5},"f":{},"b":{},"_coverageSchema":"1a1c01bbd47fc00a2c39e90264f33305004495a9","hash":"1ae468ed91f0c0ae4c3a1d83b32b464c8b2d8380"}
,"C:\\Users\\Ziana Mega Devi\\Desktop\\Enigma\\react-native\\my-app\\src\\features\\Home\\HomePage.js": {"path":"C:\\Users\\Ziana Mega Devi\\Desktop\\Enigma\\react-native\\my-app\\src\\features\\Home\\HomePage.js","statementMap":{"0":{"start":{"line":3,"column":17},"end":{"line":5,"column":1}},"1":{"start":{"line":4,"column":4},"end":{"line":4,"column":24}}},"fnMap":{"0":{"name":"(anonymous_0)","decl":{"start":{"line":3,"column":17},"end":{"line":3,"column":18}},"loc":{"start":{"line":3,"column":23},"end":{"line":5,"column":1}},"line":3}},"branchMap":{},"s":{"0":1,"1":1},"f":{"0":1},"b":{},"_coverageSchema":"1a1c01bbd47fc00a2c39e90264f33305004495a9","hash":"a865de2ef344e5e502cb35f9e9c2499ae2fab77b"}
,"C:\\Users\\Ziana Mega Devi\\Desktop\\Enigma\\react-native\\my-app\\src\\features\\Home\\Menu1.js": {"path":"C:\\Users\\Ziana Mega Devi\\Desktop\\Enigma\\react-native\\my-app\\src\\features\\Home\\Menu1.js","statementMap":{"0":{"start":{"line":7,"column":14},"end":{"line":28,"column":1}},"1":{"start":{"line":8,"column":23},"end":{"line":8,"column":38}},"2":{"start":{"line":9,"column":18},"end":{"line":9,"column":28}},"3":{"start":{"line":11,"column":4},"end":{"line":15,"column":23}},"4":{"start":{"line":12,"column":8},"end":{"line":14,"column":9}},"5":{"start":{"line":13,"column":12},"end":{"line":13,"column":55}},"6":{"start":{"line":17,"column":4},"end":{"line":27,"column":5}},"7":{"start":{"line":20,"column":16},"end":{"line":22,"column":18}}},"fnMap":{"0":{"name":"(anonymous_0)","decl":{"start":{"line":7,"column":14},"end":{"line":7,"column":15}},"loc":{"start":{"line":7,"column":20},"end":{"line":28,"column":1}},"line":7},"1":{"name":"(anonymous_1)","decl":{"start":{"line":11,"column":14},"end":{"line":11,"column":15}},"loc":{"start":{"line":11,"column":20},"end":{"line":15,"column":5}},"line":11},"2":{"name":"(anonymous_2)","decl":{"start":{"line":19,"column":39},"end":{"line":19,"column":40}},"loc":{"start":{"line":19,"column":45},"end":{"line":23,"column":13}},"line":19}},"branchMap":{"0":{"loc":{"start":{"line":12,"column":8},"end":{"line":14,"column":9}},"type":"if","locations":[{"start":{"line":12,"column":8},"end":{"line":14,"column":9}},{"start":{},"end":{}}],"line":12}},"s":{"0":1,"1":0,"2":0,"3":0,"4":0,"5":0,"6":0,"7":0},"f":{"0":0,"1":0,"2":0},"b":{"0":[0,0]},"_coverageSchema":"1a1c01bbd47fc00a2c39e90264f33305004495a9","hash":"340b5699fa57fe76fb72c8cbb74fff5ca5e118ad"}
,"C:\\Users\\Ziana Mega Devi\\Desktop\\Enigma\\react-native\\my-app\\src\\features\\Home\\Main\\MainPage.js": {"path":"C:\\Users\\Ziana Mega Devi\\Desktop\\Enigma\\react-native\\my-app\\src\\features\\Home\\Main\\MainPage.js","statementMap":{"0":{"start":{"line":15,"column":17},"end":{"line":128,"column":1}},"1":{"start":{"line":16,"column":18},"end":{"line":16,"column":28}},"2":{"start":{"line":17,"column":19},"end":{"line":17,"column":33}},"3":{"start":{"line":18,"column":23},"end":{"line":18,"column":38}},"4":{"start":{"line":19,"column":44},"end":{"line":19,"column":59}},"5":{"start":{"line":20,"column":18},"end":{"line":20,"column":28}},"6":{"start":{"line":21,"column":23},"end":{"line":21,"column":32}},"7":{"start":{"line":24,"column":36},"end":{"line":24,"column":48}},"8":{"start":{"line":51,"column":4},"end":{"line":55,"column":22}},"9":{"start":{"line":52,"column":8},"end":{"line":54,"column":9}},"10":{"start":{"line":53,"column":12},"end":{"line":53,"column":59}},"11":{"start":{"line":57,"column":25},"end":{"line":66,"column":5}},"12":{"start":{"line":58,"column":8},"end":{"line":65,"column":9}},"13":{"start":{"line":59,"column":25},"end":{"line":59,"column":41}},"14":{"start":{"line":60,"column":12},"end":{"line":62,"column":13}},"15":{"start":{"line":61,"column":16},"end":{"line":61,"column":47}},"16":{"start":{"line":64,"column":12},"end":{"line":64,"column":27}},"17":{"start":{"line":68,"column":4},"end":{"line":127,"column":5}},"18":{"start":{"line":72,"column":84},"end":{"line":72,"column":106}},"19":{"start":{"line":80,"column":90},"end":{"line":80,"column":111}},"20":{"start":{"line":95,"column":36},"end":{"line":99,"column":38}},"21":{"start":{"line":130,"column":16},"end":{"line":156,"column":2}},"22":{"start":{"line":130,"column":27},"end":{"line":156,"column":2}}},"fnMap":{"0":{"name":"(anonymous_0)","decl":{"start":{"line":15,"column":17},"end":{"line":15,"column":18}},"loc":{"start":{"line":15,"column":23},"end":{"line":128,"column":1}},"line":15},"1":{"name":"(anonymous_1)","decl":{"start":{"line":51,"column":14},"end":{"line":51,"column":15}},"loc":{"start":{"line":51,"column":20},"end":{"line":55,"column":5}},"line":51},"2":{"name":"(anonymous_2)","decl":{"start":{"line":57,"column":25},"end":{"line":57,"column":26}},"loc":{"start":{"line":57,"column":37},"end":{"line":66,"column":5}},"line":57},"3":{"name":"(anonymous_3)","decl":{"start":{"line":72,"column":78},"end":{"line":72,"column":79}},"loc":{"start":{"line":72,"column":84},"end":{"line":72,"column":106}},"line":72},"4":{"name":"(anonymous_4)","decl":{"start":{"line":80,"column":84},"end":{"line":80,"column":85}},"loc":{"start":{"line":80,"column":90},"end":{"line":80,"column":111}},"line":80},"5":{"name":"(anonymous_5)","decl":{"start":{"line":86,"column":84},"end":{"line":86,"column":85}},"loc":{"start":{"line":86,"column":90},"end":{"line":88,"column":33}},"line":86},"6":{"name":"(anonymous_6)","decl":{"start":{"line":94,"column":84},"end":{"line":94,"column":85}},"loc":{"start":{"line":94,"column":90},"end":{"line":100,"column":33}},"line":94},"7":{"name":"(anonymous_7)","decl":{"start":{"line":130,"column":16},"end":{"line":130,"column":17}},"loc":{"start":{"line":130,"column":27},"end":{"line":156,"column":2}},"line":130}},"branchMap":{"0":{"loc":{"start":{"line":52,"column":8},"end":{"line":54,"column":9}},"type":"if","locations":[{"start":{"line":52,"column":8},"end":{"line":54,"column":9}},{"start":{},"end":{}}],"line":52},"1":{"loc":{"start":{"line":60,"column":12},"end":{"line":62,"column":13}},"type":"if","locations":[{"start":{"line":60,"column":12},"end":{"line":62,"column":13}},{"start":{},"end":{}}],"line":60},"2":{"loc":{"start":{"line":72,"column":17},"end":{"line":74,"column":30}},"type":"binary-expr","locations":[{"start":{"line":72,"column":17},"end":{"line":72,"column":29}},{"start":{"line":72,"column":33},"end":{"line":74,"column":30}}],"line":72}},"s":{"0":1,"1":2,"2":2,"3":2,"4":2,"5":2,"6":2,"7":2,"8":2,"9":2,"10":0,"11":2,"12":1,"13":1,"14":1,"15":1,"16":0,"17":2,"18":0,"19":0,"20":0,"21":1,"22":2},"f":{"0":2,"1":2,"2":1,"3":0,"4":0,"5":0,"6":0,"7":2},"b":{"0":[0,2],"1":[1,0],"2":[2,0]},"_coverageSchema":"1a1c01bbd47fc00a2c39e90264f33305004495a9","hash":"14d419bb1b49c88281556e9591f56f2da18a03d7"}
,"C:\\Users\\Ziana Mega Devi\\Desktop\\Enigma\\react-native\\my-app\\src\\features\\Home\\Main\\components\\MenuItems.js": {"path":"C:\\Users\\Ziana Mega Devi\\Desktop\\Enigma\\react-native\\my-app\\src\\features\\Home\\Main\\components\\MenuItems.js","statementMap":{"0":{"start":{"line":6,"column":17},"end":{"line":31,"column":1}},"1":{"start":{"line":7,"column":18},"end":{"line":7,"column":28}},"2":{"start":{"line":8,"column":19},"end":{"line":8,"column":33}},"3":{"start":{"line":9,"column":27},"end":{"line":24,"column":5}},"4":{"start":{"line":10,"column":8},"end":{"line":23,"column":9}},"5":{"start":{"line":11,"column":12},"end":{"line":18,"column":13}},"6":{"start":{"line":20,"column":12},"end":{"line":22,"column":13}},"7":{"start":{"line":26,"column":4},"end":{"line":30,"column":5}},"8":{"start":{"line":33,"column":16},"end":{"line":55,"column":2}},"9":{"start":{"line":33,"column":27},"end":{"line":55,"column":2}}},"fnMap":{"0":{"name":"(anonymous_0)","decl":{"start":{"line":6,"column":17},"end":{"line":6,"column":18}},"loc":{"start":{"line":6,"column":32},"end":{"line":31,"column":1}},"line":6},"1":{"name":"(anonymous_1)","decl":{"start":{"line":9,"column":27},"end":{"line":9,"column":28}},"loc":{"start":{"line":9,"column":33},"end":{"line":24,"column":5}},"line":9},"2":{"name":"(anonymous_2)","decl":{"start":{"line":33,"column":16},"end":{"line":33,"column":17}},"loc":{"start":{"line":33,"column":27},"end":{"line":55,"column":2}},"line":33}},"branchMap":{"0":{"loc":{"start":{"line":10,"column":8},"end":{"line":23,"column":9}},"type":"if","locations":[{"start":{"line":10,"column":8},"end":{"line":23,"column":9}},{"start":{"line":19,"column":15},"end":{"line":23,"column":9}}],"line":10}},"s":{"0":1,"1":24,"2":24,"3":24,"4":24,"5":24,"6":0,"7":24,"8":1,"9":24},"f":{"0":24,"1":24,"2":24},"b":{"0":[24,0]},"_coverageSchema":"1a1c01bbd47fc00a2c39e90264f33305004495a9","hash":"cb89819c6319692f2cd9d6f5518f7f61d7038145"}
,"C:\\Users\\Ziana Mega Devi\\Desktop\\Enigma\\react-native\\my-app\\src\\features\\Home\\Main\\components\\MenuView.js": {"path":"C:\\Users\\Ziana Mega Devi\\Desktop\\Enigma\\react-native\\my-app\\src\\features\\Home\\Main\\components\\MenuView.js","statementMap":{"0":{"start":{"line":5,"column":17},"end":{"line":57,"column":1}},"1":{"start":{"line":6,"column":18},"end":{"line":6,"column":28}},"2":{"start":{"line":7,"column":18},"end":{"line":20,"column":5}},"3":{"start":{"line":21,"column":23},"end":{"line":23,"column":5}},"4":{"start":{"line":22,"column":8},"end":{"line":22,"column":42}},"5":{"start":{"line":25,"column":28},"end":{"line":50,"column":5}},"6":{"start":{"line":26,"column":26},"end":{"line":26,"column":28}},"7":{"start":{"line":27,"column":8},"end":{"line":48,"column":9}},"8":{"start":{"line":27,"column":18},"end":{"line":27,"column":19}},"9":{"start":{"line":28,"column":32},"end":{"line":28,"column":37}},"10":{"start":{"line":29,"column":30},"end":{"line":29,"column":39}},"11":{"start":{"line":30,"column":29},"end":{"line":30,"column":62}},"12":{"start":{"line":31,"column":31},"end":{"line":33,"column":13}},"13":{"start":{"line":34,"column":12},"end":{"line":36,"column":13}},"14":{"start":{"line":35,"column":16},"end":{"line":35,"column":59}},"15":{"start":{"line":38,"column":16},"end":{"line":45,"column":18}},"16":{"start":{"line":43,"column":42},"end":{"line":43,"column":49}},"17":{"start":{"line":47,"column":12},"end":{"line":47,"column":29}},"18":{"start":{"line":49,"column":8},"end":{"line":49,"column":25}},"19":{"start":{"line":52,"column":4},"end":{"line":56,"column":5}}},"fnMap":{"0":{"name":"(anonymous_0)","decl":{"start":{"line":5,"column":17},"end":{"line":5,"column":18}},"loc":{"start":{"line":5,"column":23},"end":{"line":57,"column":1}},"line":5},"1":{"name":"(anonymous_1)","decl":{"start":{"line":21,"column":23},"end":{"line":21,"column":24}},"loc":{"start":{"line":21,"column":35},"end":{"line":23,"column":5}},"line":21},"2":{"name":"(anonymous_2)","decl":{"start":{"line":25,"column":28},"end":{"line":25,"column":29}},"loc":{"start":{"line":25,"column":34},"end":{"line":50,"column":5}},"line":25},"3":{"name":"(anonymous_3)","decl":{"start":{"line":43,"column":34},"end":{"line":43,"column":35}},"loc":{"start":{"line":43,"column":42},"end":{"line":43,"column":49}},"line":43}},"branchMap":{"0":{"loc":{"start":{"line":34,"column":12},"end":{"line":36,"column":13}},"type":"if","locations":[{"start":{"line":34,"column":12},"end":{"line":36,"column":13}},{"start":{},"end":{}}],"line":34}},"s":{"0":1,"1":2,"2":2,"3":2,"4":24,"5":2,"6":2,"7":2,"8":2,"9":24,"10":24,"11":24,"12":24,"13":24,"14":0,"15":24,"16":24,"17":24,"18":2,"19":2},"f":{"0":2,"1":24,"2":2,"3":24},"b":{"0":[0,24]},"_coverageSchema":"1a1c01bbd47fc00a2c39e90264f33305004495a9","hash":"d41abd70f1cff29f41979803e63f116df7d8f3f8"}
,"C:\\Users\\Ziana Mega Devi\\Desktop\\Enigma\\react-native\\my-app\\src\\features\\Home\\Main\\components\\PromoItem.js": {"path":"C:\\Users\\Ziana Mega Devi\\Desktop\\Enigma\\react-native\\my-app\\src\\features\\Home\\Main\\components\\PromoItem.js","statementMap":{"0":{"start":{"line":5,"column":18},"end":{"line":18,"column":1}},"1":{"start":{"line":6,"column":18},"end":{"line":6,"column":28}},"2":{"start":{"line":7,"column":19},"end":{"line":7,"column":33}},"3":{"start":{"line":8,"column":4},"end":{"line":17,"column":5}},"4":{"start":{"line":20,"column":16},"end":{"line":44,"column":2}},"5":{"start":{"line":20,"column":27},"end":{"line":44,"column":2}}},"fnMap":{"0":{"name":"(anonymous_0)","decl":{"start":{"line":5,"column":18},"end":{"line":5,"column":19}},"loc":{"start":{"line":5,"column":31},"end":{"line":18,"column":1}},"line":5},"1":{"name":"(anonymous_1)","decl":{"start":{"line":20,"column":16},"end":{"line":20,"column":17}},"loc":{"start":{"line":20,"column":27},"end":{"line":44,"column":2}},"line":20}},"branchMap":{},"s":{"0":1,"1":24,"2":24,"3":24,"4":1,"5":24},"f":{"0":24,"1":24},"b":{},"_coverageSchema":"1a1c01bbd47fc00a2c39e90264f33305004495a9","hash":"fbef018f735494d427994775520c404cf05d158a"}
,"C:\\Users\\Ziana Mega Devi\\Desktop\\Enigma\\react-native\\my-app\\src\\features\\Home\\Main\\components\\PromoView.js": {"path":"C:\\Users\\Ziana Mega Devi\\Desktop\\Enigma\\react-native\\my-app\\src\\features\\Home\\Main\\components\\PromoView.js","statementMap":{"0":{"start":{"line":4,"column":18},"end":{"line":40,"column":1}},"1":{"start":{"line":5,"column":19},"end":{"line":17,"column":5}},"2":{"start":{"line":18,"column":28},"end":{"line":33,"column":5}},"3":{"start":{"line":19,"column":27},"end":{"line":19,"column":29}},"4":{"start":{"line":20,"column":8},"end":{"line":31,"column":9}},"5":{"start":{"line":20,"column":21},"end":{"line":20,"column":22}},"6":{"start":{"line":21,"column":28},"end":{"line":21,"column":33}},"7":{"start":{"line":22,"column":28},"end":{"line":22,"column":39}},"8":{"start":{"line":23,"column":12},"end":{"line":25,"column":13}},"9":{"start":{"line":24,"column":16},"end":{"line":24,"column":32}},"10":{"start":{"line":26,"column":22},"end":{"line":29,"column":19}},"11":{"start":{"line":30,"column":12},"end":{"line":30,"column":31}},"12":{"start":{"line":32,"column":8},"end":{"line":32,"column":25}},"13":{"start":{"line":35,"column":4},"end":{"line":39,"column":5}}},"fnMap":{"0":{"name":"(anonymous_0)","decl":{"start":{"line":4,"column":18},"end":{"line":4,"column":19}},"loc":{"start":{"line":4,"column":24},"end":{"line":40,"column":1}},"line":4},"1":{"name":"(anonymous_1)","decl":{"start":{"line":18,"column":28},"end":{"line":18,"column":29}},"loc":{"start":{"line":18,"column":34},"end":{"line":33,"column":5}},"line":18}},"branchMap":{"0":{"loc":{"start":{"line":23,"column":12},"end":{"line":25,"column":13}},"type":"if","locations":[{"start":{"line":23,"column":12},"end":{"line":25,"column":13}},{"start":{},"end":{}}],"line":23},"1":{"loc":{"start":{"line":28,"column":17},"end":{"line":28,"column":68}},"type":"binary-expr","locations":[{"start":{"line":28,"column":17},"end":{"line":28,"column":26}},{"start":{"line":28,"column":30},"end":{"line":28,"column":68}}],"line":28}},"s":{"0":1,"1":2,"2":2,"3":2,"4":2,"5":2,"6":12,"7":12,"8":12,"9":0,"10":12,"11":12,"12":2,"13":2},"f":{"0":2,"1":2},"b":{"0":[0,12],"1":[12,12]},"_coverageSchema":"1a1c01bbd47fc00a2c39e90264f33305004495a9","hash":"1afa6e07d34321b76f33f091cdb7937ab6982f7d"}
,"C:\\Users\\Ziana Mega Devi\\Desktop\\Enigma\\react-native\\my-app\\src\\features\\Login\\LoginPage.js": {"path":"C:\\Users\\Ziana Mega Devi\\Desktop\\Enigma\\react-native\\my-app\\src\\features\\Login\\LoginPage.js","statementMap":{"0":{"start":{"line":12,"column":18},"end":{"line":31,"column":1}},"1":{"start":{"line":13,"column":86},"end":{"line":13,"column":100}},"2":{"start":{"line":15,"column":4},"end":{"line":30,"column":5}},"3":{"start":{"line":33,"column":15},"end":{"line":48,"column":2}}},"fnMap":{"0":{"name":"(anonymous_0)","decl":{"start":{"line":12,"column":18},"end":{"line":12,"column":19}},"loc":{"start":{"line":12,"column":24},"end":{"line":31,"column":1}},"line":12}},"branchMap":{"0":{"loc":{"start":{"line":17,"column":13},"end":{"line":17,"column":46}},"type":"binary-expr","locations":[{"start":{"line":17,"column":13},"end":{"line":17,"column":32}},{"start":{"line":17,"column":36},"end":{"line":17,"column":46}}],"line":17},"1":{"loc":{"start":{"line":28,"column":13},"end":{"line":28,"column":86}},"type":"binary-expr","locations":[{"start":{"line":28,"column":13},"end":{"line":28,"column":37}},{"start":{"line":28,"column":41},"end":{"line":28,"column":86}}],"line":28}},"s":{"0":3,"1":15,"2":15,"3":3},"f":{"0":15},"b":{"0":[15,2],"1":[15,2]},"_coverageSchema":"1a1c01bbd47fc00a2c39e90264f33305004495a9","hash":"f0d2ddebdd657a64c86eae205e22c461b30299e3"}
,"C:\\Users\\Ziana Mega Devi\\Desktop\\Enigma\\react-native\\my-app\\src\\features\\Login\\UseLoginPage.js": {"path":"C:\\Users\\Ziana Mega Devi\\Desktop\\Enigma\\react-native\\my-app\\src\\features\\Login\\UseLoginPage.js","statementMap":{"0":{"start":{"line":8,"column":21},"end":{"line":38,"column":1}},"1":{"start":{"line":9,"column":23},"end":{"line":9,"column":38}},"2":{"start":{"line":10,"column":36},"end":{"line":10,"column":48}},"3":{"start":{"line":11,"column":36},"end":{"line":11,"column":48}},"4":{"start":{"line":12,"column":46},"end":{"line":12,"column":60}},"5":{"start":{"line":13,"column":22},"end":{"line":13,"column":31}},"6":{"start":{"line":15,"column":4},"end":{"line":17,"column":29}},"7":{"start":{"line":16,"column":8},"end":{"line":16,"column":22}},"8":{"start":{"line":19,"column":27},"end":{"line":36,"column":5}},"9":{"start":{"line":20,"column":8},"end":{"line":20,"column":27}},"10":{"start":{"line":21,"column":8},"end":{"line":21,"column":21}},"11":{"start":{"line":22,"column":8},"end":{"line":35,"column":9}},"12":{"start":{"line":23,"column":12},"end":{"line":32,"column":13}},"13":{"start":{"line":24,"column":16},"end":{"line":24,"column":75}},"14":{"start":{"line":26,"column":33},"end":{"line":26,"column":90}},"15":{"start":{"line":27,"column":16},"end":{"line":31,"column":17}},"16":{"start":{"line":28,"column":20},"end":{"line":28,"column":51}},"17":{"start":{"line":30,"column":20},"end":{"line":30,"column":55}},"18":{"start":{"line":34,"column":12},"end":{"line":34,"column":23}},"19":{"start":{"line":37,"column":4},"end":{"line":37,"column":84}}},"fnMap":{"0":{"name":"(anonymous_0)","decl":{"start":{"line":8,"column":21},"end":{"line":8,"column":22}},"loc":{"start":{"line":8,"column":27},"end":{"line":38,"column":1}},"line":8},"1":{"name":"(anonymous_1)","decl":{"start":{"line":15,"column":14},"end":{"line":15,"column":15}},"loc":{"start":{"line":15,"column":20},"end":{"line":17,"column":5}},"line":15},"2":{"name":"(anonymous_2)","decl":{"start":{"line":19,"column":27},"end":{"line":19,"column":28}},"loc":{"start":{"line":19,"column":39},"end":{"line":36,"column":5}},"line":19}},"branchMap":{"0":{"loc":{"start":{"line":23,"column":12},"end":{"line":32,"column":13}},"type":"if","locations":[{"start":{"line":23,"column":12},"end":{"line":32,"column":13}},{"start":{"line":25,"column":19},"end":{"line":32,"column":13}}],"line":23},"1":{"loc":{"start":{"line":23,"column":16},"end":{"line":23,"column":50}},"type":"binary-expr","locations":[{"start":{"line":23,"column":16},"end":{"line":23,"column":31}},{"start":{"line":23,"column":35},"end":{"line":23,"column":50}}],"line":23},"2":{"loc":{"start":{"line":27,"column":16},"end":{"line":31,"column":17}},"type":"if","locations":[{"start":{"line":27,"column":16},"end":{"line":31,"column":17}},{"start":{"line":29,"column":23},"end":{"line":31,"column":17}}],"line":27}},"s":{"0":2,"1":12,"2":12,"3":12,"4":12,"5":12,"6":12,"7":5,"8":12,"9":2,"10":2,"11":2,"12":2,"13":1,"14":1,"15":1,"16":1,"17":0,"18":1,"19":12},"f":{"0":12,"1":5,"2":2},"b":{"0":[1,1],"1":[2,1],"2":[1,0]},"_coverageSchema":"1a1c01bbd47fc00a2c39e90264f33305004495a9","hash":"4dce61bbe3ee90e045e06a255c9035ab97a60fa2"}
,"C:\\Users\\Ziana Mega Devi\\Desktop\\Enigma\\react-native\\my-app\\src\\features\\Pin\\PinPage.js": {"path":"C:\\Users\\Ziana Mega Devi\\Desktop\\Enigma\\react-native\\my-app\\src\\features\\Pin\\PinPage.js","statementMap":{"0":{"start":{"line":8,"column":16},"end":{"line":140,"column":1}},"1":{"start":{"line":9,"column":18},"end":{"line":9,"column":28}},"2":{"start":{"line":10,"column":23},"end":{"line":10,"column":38}},"3":{"start":{"line":11,"column":18},"end":{"line":11,"column":32}},"4":{"start":{"line":12,"column":26},"end":{"line":12,"column":52}},"5":{"start":{"line":13,"column":18},"end":{"line":13,"column":28}},"6":{"start":{"line":14,"column":36},"end":{"line":14,"column":48}},"7":{"start":{"line":16,"column":14},"end":{"line":16,"column":16}},"8":{"start":{"line":17,"column":4},"end":{"line":23,"column":30}},"9":{"start":{"line":18,"column":18},"end":{"line":18,"column":48}},"10":{"start":{"line":19,"column":8},"end":{"line":19,"column":22}},"11":{"start":{"line":20,"column":8},"end":{"line":22,"column":11}},"12":{"start":{"line":21,"column":10},"end":{"line":21,"column":44}},"13":{"start":{"line":25,"column":23},"end":{"line":35,"column":5}},"14":{"start":{"line":26,"column":8},"end":{"line":34,"column":9}},"15":{"start":{"line":28,"column":60},"end":{"line":28,"column":79}},"16":{"start":{"line":37,"column":26},"end":{"line":48,"column":5}},"17":{"start":{"line":38,"column":23},"end":{"line":38,"column":31}},"18":{"start":{"line":39,"column":8},"end":{"line":46,"column":9}},"19":{"start":{"line":39,"column":21},"end":{"line":39,"column":22}},"20":{"start":{"line":40,"column":12},"end":{"line":45,"column":13}},"21":{"start":{"line":41,"column":16},"end":{"line":41,"column":34}},"22":{"start":{"line":42,"column":16},"end":{"line":42,"column":22}},"23":{"start":{"line":44,"column":16},"end":{"line":44,"column":25}},"24":{"start":{"line":47,"column":8},"end":{"line":47,"column":25}},"25":{"start":{"line":50,"column":26},"end":{"line":61,"column":5}},"26":{"start":{"line":51,"column":23},"end":{"line":51,"column":31}},"27":{"start":{"line":52,"column":8},"end":{"line":59,"column":9}},"28":{"start":{"line":52,"column":21},"end":{"line":52,"column":40}},"29":{"start":{"line":53,"column":12},"end":{"line":58,"column":13}},"30":{"start":{"line":54,"column":16},"end":{"line":54,"column":33}},"31":{"start":{"line":55,"column":16},"end":{"line":55,"column":22}},"32":{"start":{"line":57,"column":16},"end":{"line":57,"column":25}},"33":{"start":{"line":60,"column":8},"end":{"line":60,"column":25}},"34":{"start":{"line":63,"column":4},"end":{"line":69,"column":22}},"35":{"start":{"line":64,"column":8},"end":{"line":68,"column":9}},"36":{"start":{"line":65,"column":12},"end":{"line":67,"column":14}},"37":{"start":{"line":87,"column":4},"end":{"line":139,"column":5}},"38":{"start":{"line":96,"column":40},"end":{"line":96,"column":86}},"39":{"start":{"line":97,"column":28},"end":{"line":97,"column":62}},"40":{"start":{"line":120,"column":48},"end":{"line":120,"column":63}},"41":{"start":{"line":127,"column":24},"end":{"line":133,"column":27}},"42":{"start":{"line":142,"column":16},"end":{"line":183,"column":2}},"43":{"start":{"line":142,"column":27},"end":{"line":183,"column":2}}},"fnMap":{"0":{"name":"(anonymous_0)","decl":{"start":{"line":8,"column":16},"end":{"line":8,"column":17}},"loc":{"start":{"line":8,"column":22},"end":{"line":140,"column":1}},"line":8},"1":{"name":"(anonymous_1)","decl":{"start":{"line":20,"column":25},"end":{"line":20,"column":26}},"loc":{"start":{"line":20,"column":42},"end":{"line":22,"column":9}},"line":20},"2":{"name":"(anonymous_2)","decl":{"start":{"line":25,"column":23},"end":{"line":25,"column":24}},"loc":{"start":{"line":25,"column":35},"end":{"line":35,"column":5}},"line":25},"3":{"name":"(anonymous_3)","decl":{"start":{"line":28,"column":54},"end":{"line":28,"column":55}},"loc":{"start":{"line":28,"column":60},"end":{"line":28,"column":79}},"line":28},"4":{"name":"(anonymous_4)","decl":{"start":{"line":37,"column":26},"end":{"line":37,"column":27}},"loc":{"start":{"line":37,"column":35},"end":{"line":48,"column":5}},"line":37},"5":{"name":"(anonymous_5)","decl":{"start":{"line":50,"column":26},"end":{"line":50,"column":27}},"loc":{"start":{"line":50,"column":32},"end":{"line":61,"column":5}},"line":50},"6":{"name":"(anonymous_6)","decl":{"start":{"line":63,"column":14},"end":{"line":63,"column":15}},"loc":{"start":{"line":63,"column":20},"end":{"line":69,"column":5}},"line":63},"7":{"name":"(anonymous_7)","decl":{"start":{"line":95,"column":33},"end":{"line":95,"column":34}},"loc":{"start":{"line":95,"column":40},"end":{"line":98,"column":25}},"line":95},"8":{"name":"(anonymous_8)","decl":{"start":{"line":120,"column":42},"end":{"line":120,"column":43}},"loc":{"start":{"line":120,"column":48},"end":{"line":120,"column":63}},"line":120},"9":{"name":"(anonymous_9)","decl":{"start":{"line":126,"column":29},"end":{"line":126,"column":30}},"loc":{"start":{"line":126,"column":35},"end":{"line":134,"column":21}},"line":126},"10":{"name":"(anonymous_10)","decl":{"start":{"line":142,"column":16},"end":{"line":142,"column":17}},"loc":{"start":{"line":142,"column":27},"end":{"line":183,"column":2}},"line":142}},"branchMap":{"0":{"loc":{"start":{"line":40,"column":12},"end":{"line":45,"column":13}},"type":"if","locations":[{"start":{"line":40,"column":12},"end":{"line":45,"column":13}},{"start":{"line":43,"column":19},"end":{"line":45,"column":13}}],"line":40},"1":{"loc":{"start":{"line":53,"column":12},"end":{"line":58,"column":13}},"type":"if","locations":[{"start":{"line":53,"column":12},"end":{"line":58,"column":13}},{"start":{"line":56,"column":19},"end":{"line":58,"column":13}}],"line":53},"2":{"loc":{"start":{"line":64,"column":8},"end":{"line":68,"column":9}},"type":"if","locations":[{"start":{"line":64,"column":8},"end":{"line":68,"column":9}},{"start":{},"end":{}}],"line":64},"3":{"loc":{"start":{"line":96,"column":40},"end":{"line":96,"column":86}},"type":"cond-expr","locations":[{"start":{"line":96,"column":51},"end":{"line":96,"column":67}},{"start":{"line":96,"column":70},"end":{"line":96,"column":86}}],"line":96}},"s":{"0":1,"1":0,"2":0,"3":0,"4":0,"5":0,"6":0,"7":0,"8":0,"9":0,"10":0,"11":0,"12":0,"13":0,"14":0,"15":0,"16":0,"17":0,"18":0,"19":0,"20":0,"21":0,"22":0,"23":0,"24":0,"25":0,"26":0,"27":0,"28":0,"29":0,"30":0,"31":0,"32":0,"33":0,"34":0,"35":0,"36":0,"37":0,"38":0,"39":0,"40":0,"41":0,"42":1,"43":0},"f":{"0":0,"1":0,"2":0,"3":0,"4":0,"5":0,"6":0,"7":0,"8":0,"9":0,"10":0},"b":{"0":[0,0],"1":[0,0],"2":[0,0],"3":[0,0]},"_coverageSchema":"1a1c01bbd47fc00a2c39e90264f33305004495a9","hash":"7ef00d0fdd774725bd2812baf45a5231b8418027"}
,"C:\\Users\\Ziana Mega Devi\\Desktop\\Enigma\\react-native\\my-app\\src\\features\\Pin\\PinPage2.js": {"path":"C:\\Users\\Ziana Mega Devi\\Desktop\\Enigma\\react-native\\my-app\\src\\features\\Pin\\PinPage2.js","statementMap":{"0":{"start":{"line":10,"column":17},"end":{"line":96,"column":1}},"1":{"start":{"line":11,"column":18},"end":{"line":11,"column":28}},"2":{"start":{"line":12,"column":23},"end":{"line":12,"column":38}},"3":{"start":{"line":13,"column":18},"end":{"line":13,"column":28}},"4":{"start":{"line":14,"column":36},"end":{"line":14,"column":48}},"5":{"start":{"line":15,"column":26},"end":{"line":15,"column":38}},"6":{"start":{"line":16,"column":40},"end":{"line":16,"column":52}},"7":{"start":{"line":18,"column":4},"end":{"line":20,"column":11}},"8":{"start":{"line":19,"column":8},"end":{"line":19,"column":40}},"9":{"start":{"line":22,"column":4},"end":{"line":29,"column":22}},"10":{"start":{"line":23,"column":8},"end":{"line":28,"column":9}},"11":{"start":{"line":24,"column":12},"end":{"line":27,"column":14}},"12":{"start":{"line":31,"column":23},"end":{"line":33,"column":5}},"13":{"start":{"line":32,"column":8},"end":{"line":32,"column":56}},"14":{"start":{"line":35,"column":28},"end":{"line":63,"column":5}},"15":{"start":{"line":36,"column":26},"end":{"line":36,"column":76}},"16":{"start":{"line":38,"column":34},"end":{"line":41,"column":36}},"17":{"start":{"line":39,"column":27},"end":{"line":39,"column":55}},"18":{"start":{"line":40,"column":28},"end":{"line":40,"column":43}},"19":{"start":{"line":41,"column":30},"end":{"line":41,"column":35}},"20":{"start":{"line":42,"column":8},"end":{"line":42,"column":45}},"21":{"start":{"line":43,"column":8},"end":{"line":43,"column":36}},"22":{"start":{"line":45,"column":21},"end":{"line":45,"column":23}},"23":{"start":{"line":46,"column":8},"end":{"line":61,"column":9}},"24":{"start":{"line":46,"column":21},"end":{"line":46,"column":22}},"25":{"start":{"line":47,"column":32},"end":{"line":47,"column":37}},"26":{"start":{"line":48,"column":30},"end":{"line":48,"column":39}},"27":{"start":{"line":49,"column":28},"end":{"line":49,"column":73}},"28":{"start":{"line":51,"column":16},"end":{"line":58,"column":18}},"29":{"start":{"line":56,"column":42},"end":{"line":56,"column":46}},"30":{"start":{"line":60,"column":12},"end":{"line":60,"column":24}},"31":{"start":{"line":62,"column":8},"end":{"line":62,"column":19}},"32":{"start":{"line":65,"column":4},"end":{"line":95,"column":5}},"33":{"start":{"line":84,"column":20},"end":{"line":90,"column":23}}},"fnMap":{"0":{"name":"(anonymous_0)","decl":{"start":{"line":10,"column":17},"end":{"line":10,"column":18}},"loc":{"start":{"line":10,"column":23},"end":{"line":96,"column":1}},"line":10},"1":{"name":"(anonymous_1)","decl":{"start":{"line":18,"column":14},"end":{"line":18,"column":15}},"loc":{"start":{"line":18,"column":20},"end":{"line":20,"column":5}},"line":18},"2":{"name":"(anonymous_2)","decl":{"start":{"line":22,"column":14},"end":{"line":22,"column":15}},"loc":{"start":{"line":22,"column":20},"end":{"line":29,"column":5}},"line":22},"3":{"name":"(anonymous_3)","decl":{"start":{"line":31,"column":23},"end":{"line":31,"column":24}},"loc":{"start":{"line":31,"column":35},"end":{"line":33,"column":5}},"line":31},"4":{"name":"(anonymous_4)","decl":{"start":{"line":35,"column":28},"end":{"line":35,"column":29}},"loc":{"start":{"line":35,"column":34},"end":{"line":63,"column":5}},"line":35},"5":{"name":"(anonymous_5)","decl":{"start":{"line":39,"column":17},"end":{"line":39,"column":18}},"loc":{"start":{"line":39,"column":27},"end":{"line":39,"column":55}},"line":39},"6":{"name":"(anonymous_6)","decl":{"start":{"line":40,"column":18},"end":{"line":40,"column":19}},"loc":{"start":{"line":40,"column":28},"end":{"line":40,"column":43}},"line":40},"7":{"name":"(anonymous_7)","decl":{"start":{"line":41,"column":17},"end":{"line":41,"column":18}},"loc":{"start":{"line":41,"column":30},"end":{"line":41,"column":35}},"line":41},"8":{"name":"(anonymous_8)","decl":{"start":{"line":56,"column":34},"end":{"line":56,"column":35}},"loc":{"start":{"line":56,"column":42},"end":{"line":56,"column":46}},"line":56},"9":{"name":"(anonymous_9)","decl":{"start":{"line":83,"column":25},"end":{"line":83,"column":26}},"loc":{"start":{"line":83,"column":31},"end":{"line":91,"column":17}},"line":83}},"branchMap":{"0":{"loc":{"start":{"line":23,"column":8},"end":{"line":28,"column":9}},"type":"if","locations":[{"start":{"line":23,"column":8},"end":{"line":28,"column":9}},{"start":{},"end":{}}],"line":23}},"s":{"0":1,"1":0,"2":0,"3":0,"4":0,"5":0,"6":0,"7":0,"8":0,"9":0,"10":0,"11":0,"12":0,"13":0,"14":0,"15":0,"16":0,"17":0,"18":0,"19":0,"20":0,"21":0,"22":0,"23":0,"24":0,"25":0,"26":0,"27":0,"28":0,"29":0,"30":0,"31":0,"32":0,"33":0},"f":{"0":0,"1":0,"2":0,"3":0,"4":0,"5":0,"6":0,"7":0,"8":0,"9":0},"b":{"0":[0,0]},"_coverageSchema":"1a1c01bbd47fc00a2c39e90264f33305004495a9","hash":"1c6237cfc74a3b30c5cbdbbf4ff3576c4c63b989"}
,"C:\\Users\\Ziana Mega Devi\\Desktop\\Enigma\\react-native\\my-app\\src\\features\\Pin\\components\\PinButton.js": {"path":"C:\\Users\\Ziana Mega Devi\\Desktop\\Enigma\\react-native\\my-app\\src\\features\\Pin\\components\\PinButton.js","statementMap":{"0":{"start":{"line":4,"column":18},"end":{"line":41,"column":1}},"1":{"start":{"line":5,"column":18},"end":{"line":5,"column":28}},"2":{"start":{"line":6,"column":19},"end":{"line":6,"column":33}},"3":{"start":{"line":7,"column":30},"end":{"line":19,"column":5}},"4":{"start":{"line":8,"column":8},"end":{"line":18,"column":9}},"5":{"start":{"line":9,"column":12},"end":{"line":15,"column":14}},"6":{"start":{"line":10,"column":16},"end":{"line":14,"column":17}},"7":{"start":{"line":11,"column":20},"end":{"line":11,"column":43}},"8":{"start":{"line":13,"column":20},"end":{"line":13,"column":36}},"9":{"start":{"line":17,"column":12},"end":{"line":17,"column":56}},"10":{"start":{"line":17,"column":33},"end":{"line":17,"column":55}},"11":{"start":{"line":20,"column":25},"end":{"line":34,"column":5}},"12":{"start":{"line":21,"column":8},"end":{"line":33,"column":9}},"13":{"start":{"line":22,"column":12},"end":{"line":28,"column":13}},"14":{"start":{"line":30,"column":12},"end":{"line":32,"column":13}},"15":{"start":{"line":36,"column":4},"end":{"line":40,"column":5}},"16":{"start":{"line":43,"column":16},"end":{"line":54,"column":2}},"17":{"start":{"line":43,"column":27},"end":{"line":54,"column":2}}},"fnMap":{"0":{"name":"(anonymous_0)","decl":{"start":{"line":4,"column":18},"end":{"line":4,"column":19}},"loc":{"start":{"line":4,"column":39},"end":{"line":41,"column":1}},"line":4},"1":{"name":"(anonymous_1)","decl":{"start":{"line":7,"column":30},"end":{"line":7,"column":31}},"loc":{"start":{"line":7,"column":36},"end":{"line":19,"column":5}},"line":7},"2":{"name":"(anonymous_2)","decl":{"start":{"line":9,"column":20},"end":{"line":9,"column":21}},"loc":{"start":{"line":9,"column":33},"end":{"line":15,"column":13}},"line":9},"3":{"name":"(anonymous_3)","decl":{"start":{"line":17,"column":20},"end":{"line":17,"column":21}},"loc":{"start":{"line":17,"column":33},"end":{"line":17,"column":55}},"line":17},"4":{"name":"(anonymous_4)","decl":{"start":{"line":20,"column":25},"end":{"line":20,"column":26}},"loc":{"start":{"line":20,"column":31},"end":{"line":34,"column":5}},"line":20},"5":{"name":"(anonymous_5)","decl":{"start":{"line":43,"column":16},"end":{"line":43,"column":17}},"loc":{"start":{"line":43,"column":27},"end":{"line":54,"column":2}},"line":43}},"branchMap":{"0":{"loc":{"start":{"line":8,"column":8},"end":{"line":18,"column":9}},"type":"if","locations":[{"start":{"line":8,"column":8},"end":{"line":18,"column":9}},{"start":{"line":16,"column":15},"end":{"line":18,"column":9}}],"line":8},"1":{"loc":{"start":{"line":10,"column":16},"end":{"line":14,"column":17}},"type":"if","locations":[{"start":{"line":10,"column":16},"end":{"line":14,"column":17}},{"start":{"line":12,"column":23},"end":{"line":14,"column":17}}],"line":10},"2":{"loc":{"start":{"line":21,"column":8},"end":{"line":33,"column":9}},"type":"if","locations":[{"start":{"line":21,"column":8},"end":{"line":33,"column":9}},{"start":{"line":29,"column":15},"end":{"line":33,"column":9}}],"line":21}},"s":{"0":1,"1":0,"2":0,"3":0,"4":0,"5":0,"6":0,"7":0,"8":0,"9":0,"10":0,"11":0,"12":0,"13":0,"14":0,"15":0,"16":1,"17":0},"f":{"0":0,"1":0,"2":0,"3":0,"4":0,"5":0},"b":{"0":[0,0],"1":[0,0],"2":[0,0]},"_coverageSchema":"1a1c01bbd47fc00a2c39e90264f33305004495a9","hash":"1e7d74ebabcc1105b0f5910f99eafb87fb6dd73a"}
,"C:\\Users\\Ziana Mega Devi\\Desktop\\Enigma\\react-native\\my-app\\src\\features\\Pin\\components\\PinInputIndicators.js": {"path":"C:\\Users\\Ziana Mega Devi\\Desktop\\Enigma\\react-native\\my-app\\src\\features\\Pin\\components\\PinInputIndicators.js","statementMap":{"0":{"start":{"line":5,"column":26},"end":{"line":28,"column":1}},"1":{"start":{"line":6,"column":18},"end":{"line":6,"column":28}},"2":{"start":{"line":7,"column":28},"end":{"line":21,"column":5}},"3":{"start":{"line":8,"column":25},"end":{"line":8,"column":27}},"4":{"start":{"line":9,"column":8},"end":{"line":19,"column":9}},"5":{"start":{"line":9,"column":21},"end":{"line":9,"column":22}},"6":{"start":{"line":10,"column":12},"end":{"line":18,"column":13}},"7":{"start":{"line":20,"column":8},"end":{"line":20,"column":25}},"8":{"start":{"line":23,"column":4},"end":{"line":27,"column":5}}},"fnMap":{"0":{"name":"(anonymous_0)","decl":{"start":{"line":5,"column":26},"end":{"line":5,"column":27}},"loc":{"start":{"line":5,"column":40},"end":{"line":28,"column":1}},"line":5},"1":{"name":"(anonymous_1)","decl":{"start":{"line":7,"column":28},"end":{"line":7,"column":29}},"loc":{"start":{"line":7,"column":34},"end":{"line":21,"column":5}},"line":7}},"branchMap":{"0":{"loc":{"start":{"line":13,"column":26},"end":{"line":13,"column":59}},"type":"cond-expr","locations":[{"start":{"line":13,"column":38},"end":{"line":13,"column":46}},{"start":{"line":13,"column":49},"end":{"line":13,"column":59}}],"line":13}},"s":{"0":1,"1":0,"2":0,"3":0,"4":0,"5":0,"6":0,"7":0,"8":0},"f":{"0":0,"1":0},"b":{"0":[0,0]},"_coverageSchema":"1a1c01bbd47fc00a2c39e90264f33305004495a9","hash":"79fb0b54b6ea68126b4105e458cf08afd95d187e"}
,"C:\\Users\\Ziana Mega Devi\\Desktop\\Enigma\\react-native\\my-app\\src\\features\\Welcome\\WelcomePage.js": {"path":"C:\\Users\\Ziana Mega Devi\\Desktop\\Enigma\\react-native\\my-app\\src\\features\\Welcome\\WelcomePage.js","statementMap":{"0":{"start":{"line":10,"column":20},"end":{"line":33,"column":1}},"1":{"start":{"line":11,"column":23},"end":{"line":11,"column":38}},"2":{"start":{"line":12,"column":4},"end":{"line":32,"column":5}},"3":{"start":{"line":27,"column":20},"end":{"line":27,"column":51}},"4":{"start":{"line":35,"column":15},"end":{"line":44,"column":2}}},"fnMap":{"0":{"name":"(anonymous_0)","decl":{"start":{"line":10,"column":20},"end":{"line":10,"column":21}},"loc":{"start":{"line":10,"column":26},"end":{"line":33,"column":1}},"line":10},"1":{"name":"(anonymous_1)","decl":{"start":{"line":26,"column":53},"end":{"line":26,"column":54}},"loc":{"start":{"line":26,"column":57},"end":{"line":28,"column":17}},"line":26}},"branchMap":{},"s":{"0":2,"1":3,"2":3,"3":0,"4":2},"f":{"0":3,"1":0},"b":{},"_coverageSchema":"1a1c01bbd47fc00a2c39e90264f33305004495a9","hash":"007116cdeef65cc13d5d9fdfa14a1ea1b608b727"}
,"C:\\Users\\Ziana Mega Devi\\Desktop\\Enigma\\react-native\\my-app\\src\\features\\products\\ProductList.js": {"path":"C:\\Users\\Ziana Mega Devi\\Desktop\\Enigma\\react-native\\my-app\\src\\features\\products\\ProductList.js","statementMap":{"0":{"start":{"line":9,"column":20},"end":{"line":51,"column":1}},"1":{"start":{"line":10,"column":18},"end":{"line":10,"column":28}},"2":{"start":{"line":11,"column":62},"end":{"line":11,"column":78}},"3":{"start":{"line":14,"column":16},"end":{"line":14,"column":18}},"4":{"start":{"line":16,"column":20},"end":{"line":18,"column":5}},"5":{"start":{"line":17,"column":8},"end":{"line":17,"column":24}},"6":{"start":{"line":20,"column":21},"end":{"line":25,"column":5}},"7":{"start":{"line":21,"column":8},"end":{"line":23,"column":9}},"8":{"start":{"line":22,"column":12},"end":{"line":22,"column":34}},"9":{"start":{"line":24,"column":8},"end":{"line":24,"column":35}},"10":{"start":{"line":27,"column":23},"end":{"line":33,"column":5}},"11":{"start":{"line":28,"column":8},"end":{"line":32,"column":18}},"12":{"start":{"line":29,"column":48},"end":{"line":29,"column":67}},"13":{"start":{"line":31,"column":36},"end":{"line":31,"column":51}},"14":{"start":{"line":35,"column":4},"end":{"line":50,"column":5}},"15":{"start":{"line":45,"column":46},"end":{"line":45,"column":53}}},"fnMap":{"0":{"name":"(anonymous_0)","decl":{"start":{"line":9,"column":20},"end":{"line":9,"column":21}},"loc":{"start":{"line":9,"column":26},"end":{"line":51,"column":1}},"line":9},"1":{"name":"(anonymous_1)","decl":{"start":{"line":16,"column":20},"end":{"line":16,"column":21}},"loc":{"start":{"line":16,"column":36},"end":{"line":18,"column":5}},"line":16},"2":{"name":"(anonymous_2)","decl":{"start":{"line":20,"column":21},"end":{"line":20,"column":22}},"loc":{"start":{"line":20,"column":32},"end":{"line":25,"column":5}},"line":20},"3":{"name":"(anonymous_3)","decl":{"start":{"line":27,"column":23},"end":{"line":27,"column":24}},"loc":{"start":{"line":27,"column":42},"end":{"line":33,"column":5}},"line":27},"4":{"name":"(anonymous_4)","decl":{"start":{"line":29,"column":42},"end":{"line":29,"column":43}},"loc":{"start":{"line":29,"column":48},"end":{"line":29,"column":67}},"line":29},"5":{"name":"(anonymous_5)","decl":{"start":{"line":31,"column":30},"end":{"line":31,"column":31}},"loc":{"start":{"line":31,"column":36},"end":{"line":31,"column":51}},"line":31},"6":{"name":"(anonymous_6)","decl":{"start":{"line":45,"column":38},"end":{"line":45,"column":39}},"loc":{"start":{"line":45,"column":46},"end":{"line":45,"column":53}},"line":45}},"branchMap":{"0":{"loc":{"start":{"line":21,"column":8},"end":{"line":23,"column":9}},"type":"if","locations":[{"start":{"line":21,"column":8},"end":{"line":23,"column":9}},{"start":{},"end":{}}],"line":21},"1":{"loc":{"start":{"line":21,"column":12},"end":{"line":21,"column":57}},"type":"binary-expr","locations":[{"start":{"line":21,"column":12},"end":{"line":21,"column":25}},{"start":{"line":21,"column":29},"end":{"line":21,"column":57}}],"line":21}},"s":{"0":2,"1":1,"2":1,"3":1,"4":1,"5":4,"6":1,"7":0,"8":0,"9":0,"10":1,"11":2,"12":0,"13":0,"14":1,"15":2},"f":{"0":1,"1":4,"2":0,"3":2,"4":0,"5":0,"6":2},"b":{"0":[0,0],"1":[0,0]},"_coverageSchema":"1a1c01bbd47fc00a2c39e90264f33305004495a9","hash":"5d69e429e19a84134ebde7ddab813c096df08a80"}
,"C:\\Users\\Ziana Mega Devi\\Desktop\\Enigma\\react-native\\my-app\\src\\features\\products\\UseProductList.js": {"path":"C:\\Users\\Ziana Mega Devi\\Desktop\\Enigma\\react-native\\my-app\\src\\features\\products\\UseProductList.js","statementMap":{"0":{"start":{"line":5,"column":23},"end":{"line":55,"column":1}},"1":{"start":{"line":6,"column":29},"end":{"line":6,"column":44}},"2":{"start":{"line":7,"column":28},"end":{"line":7,"column":39}},"3":{"start":{"line":8,"column":32},"end":{"line":8,"column":46}},"4":{"start":{"line":9,"column":55},"end":{"line":9,"column":69}},"5":{"start":{"line":11,"column":28},"end":{"line":27,"column":5}},"6":{"start":{"line":12,"column":8},"end":{"line":12,"column":32}},"7":{"start":{"line":13,"column":8},"end":{"line":26,"column":9}},"8":{"start":{"line":14,"column":29},"end":{"line":14,"column":73}},"9":{"start":{"line":15,"column":12},"end":{"line":20,"column":13}},"10":{"start":{"line":16,"column":16},"end":{"line":16,"column":33}},"11":{"start":{"line":18,"column":31},"end":{"line":18,"column":63}},"12":{"start":{"line":19,"column":16},"end":{"line":19,"column":31}},"13":{"start":{"line":21,"column":12},"end":{"line":21,"column":27}},"14":{"start":{"line":23,"column":12},"end":{"line":23,"column":27}},"15":{"start":{"line":24,"column":12},"end":{"line":24,"column":29}},"16":{"start":{"line":25,"column":12},"end":{"line":25,"column":28}},"17":{"start":{"line":29,"column":4},"end":{"line":31,"column":15}},"18":{"start":{"line":30,"column":8},"end":{"line":30,"column":26}},"19":{"start":{"line":33,"column":24},"end":{"line":39,"column":5}},"20":{"start":{"line":34,"column":8},"end":{"line":38,"column":9}},"21":{"start":{"line":35,"column":12},"end":{"line":35,"column":47}},"22":{"start":{"line":35,"column":33},"end":{"line":35,"column":46}},"23":{"start":{"line":37,"column":12},"end":{"line":37,"column":35}},"24":{"start":{"line":41,"column":22},"end":{"line":47,"column":5}},"25":{"start":{"line":42,"column":8},"end":{"line":46,"column":9}},"26":{"start":{"line":43,"column":12},"end":{"line":43,"column":22}},"27":{"start":{"line":45,"column":12},"end":{"line":45,"column":36}},"28":{"start":{"line":49,"column":25},"end":{"line":52,"column":5}},"29":{"start":{"line":50,"column":8},"end":{"line":50,"column":57}},"30":{"start":{"line":51,"column":8},"end":{"line":51,"column":26}},"31":{"start":{"line":54,"column":4},"end":{"line":54,"column":60}}},"fnMap":{"0":{"name":"(anonymous_0)","decl":{"start":{"line":5,"column":23},"end":{"line":5,"column":24}},"loc":{"start":{"line":5,"column":29},"end":{"line":55,"column":1}},"line":5},"1":{"name":"(anonymous_1)","decl":{"start":{"line":11,"column":28},"end":{"line":11,"column":29}},"loc":{"start":{"line":11,"column":40},"end":{"line":27,"column":5}},"line":11},"2":{"name":"(anonymous_2)","decl":{"start":{"line":29,"column":14},"end":{"line":29,"column":15}},"loc":{"start":{"line":29,"column":20},"end":{"line":31,"column":5}},"line":29},"3":{"name":"(anonymous_3)","decl":{"start":{"line":33,"column":24},"end":{"line":33,"column":25}},"loc":{"start":{"line":33,"column":36},"end":{"line":39,"column":5}},"line":33},"4":{"name":"(anonymous_4)","decl":{"start":{"line":35,"column":20},"end":{"line":35,"column":21}},"loc":{"start":{"line":35,"column":33},"end":{"line":35,"column":46}},"line":35},"5":{"name":"(anonymous_5)","decl":{"start":{"line":41,"column":22},"end":{"line":41,"column":23}},"loc":{"start":{"line":41,"column":34},"end":{"line":47,"column":5}},"line":41},"6":{"name":"(anonymous_6)","decl":{"start":{"line":49,"column":25},"end":{"line":49,"column":26}},"loc":{"start":{"line":49,"column":42},"end":{"line":52,"column":5}},"line":49}},"branchMap":{"0":{"loc":{"start":{"line":15,"column":12},"end":{"line":20,"column":13}},"type":"if","locations":[{"start":{"line":15,"column":12},"end":{"line":20,"column":13}},{"start":{"line":17,"column":19},"end":{"line":20,"column":13}}],"line":15},"1":{"loc":{"start":{"line":34,"column":8},"end":{"line":38,"column":9}},"type":"if","locations":[{"start":{"line":34,"column":8},"end":{"line":38,"column":9}},{"start":{"line":36,"column":15},"end":{"line":38,"column":9}}],"line":34},"2":{"loc":{"start":{"line":42,"column":8},"end":{"line":46,"column":9}},"type":"if","locations":[{"start":{"line":42,"column":8},"end":{"line":46,"column":9}},{"start":{"line":44,"column":15},"end":{"line":46,"column":9}}],"line":42}},"s":{"0":1,"1":0,"2":0,"3":0,"4":0,"5":0,"6":0,"7":0,"8":0,"9":0,"10":0,"11":0,"12":0,"13":0,"14":0,"15":0,"16":0,"17":0,"18":0,"19":0,"20":0,"21":0,"22":0,"23":0,"24":0,"25":0,"26":0,"27":0,"28":0,"29":0,"30":0,"31":0},"f":{"0":0,"1":0,"2":0,"3":0,"4":0,"5":0,"6":0},"b":{"0":[0,0],"1":[0,0],"2":[0,0]},"_coverageSchema":"1a1c01bbd47fc00a2c39e90264f33305004495a9","hash":"0b2bbd8244377dc2595782781dd07008d3b7e804"}
,"C:\\Users\\Ziana Mega Devi\\Desktop\\Enigma\\react-native\\my-app\\src\\features\\products\\components\\ProductItems.js": {"path":"C:\\Users\\Ziana Mega Devi\\Desktop\\Enigma\\react-native\\my-app\\src\\features\\products\\components\\ProductItems.js","statementMap":{"0":{"start":{"line":7,"column":13},"end":{"line":36,"column":1}},"1":{"start":{"line":8,"column":18},"end":{"line":8,"column":28}},"2":{"start":{"line":9,"column":19},"end":{"line":9,"column":33}},"3":{"start":{"line":10,"column":22},"end":{"line":22,"column":5}},"4":{"start":{"line":11,"column":22},"end":{"line":14,"column":10}},"5":{"start":{"line":15,"column":8},"end":{"line":21,"column":9}},"6":{"start":{"line":23,"column":4},"end":{"line":35,"column":5}},"7":{"start":{"line":27,"column":28},"end":{"line":27,"column":44}},"8":{"start":{"line":38,"column":16},"end":{"line":58,"column":2}},"9":{"start":{"line":38,"column":27},"end":{"line":58,"column":2}}},"fnMap":{"0":{"name":"(anonymous_0)","decl":{"start":{"line":7,"column":13},"end":{"line":7,"column":14}},"loc":{"start":{"line":7,"column":65},"end":{"line":36,"column":1}},"line":7},"1":{"name":"(anonymous_1)","decl":{"start":{"line":10,"column":22},"end":{"line":10,"column":23}},"loc":{"start":{"line":10,"column":43},"end":{"line":22,"column":5}},"line":10},"2":{"name":"(anonymous_2)","decl":{"start":{"line":27,"column":21},"end":{"line":27,"column":22}},"loc":{"start":{"line":27,"column":28},"end":{"line":27,"column":44}},"line":27},"3":{"name":"(anonymous_3)","decl":{"start":{"line":38,"column":16},"end":{"line":38,"column":17}},"loc":{"start":{"line":38,"column":27},"end":{"line":58,"column":2}},"line":38}},"branchMap":{},"s":{"0":2,"1":2,"2":2,"3":2,"4":2,"5":2,"6":2,"7":4,"8":2,"9":2},"f":{"0":2,"1":2,"2":4,"3":2},"b":{},"_coverageSchema":"1a1c01bbd47fc00a2c39e90264f33305004495a9","hash":"15d6b701d6681222f888d14841e4358f7dff2699"}
,"C:\\Users\\Ziana Mega Devi\\Desktop\\Enigma\\react-native\\my-app\\src\\features\\shared\\Theme.js": {"path":"C:\\Users\\Ziana Mega Devi\\Desktop\\Enigma\\react-native\\my-app\\src\\features\\shared\\Theme.js","statementMap":{"0":{"start":{"line":1,"column":16},"end":{"line":7,"column":1}},"1":{"start":{"line":9,"column":20},"end":{"line":68,"column":1}}},"fnMap":{},"branchMap":{},"s":{"0":5,"1":5},"f":{},"b":{},"_coverageSchema":"1a1c01bbd47fc00a2c39e90264f33305004495a9","hash":"a92225a92dd03eaafb7535c5192ac43937321204"}
,"C:\\Users\\Ziana Mega Devi\\Desktop\\Enigma\\react-native\\my-app\\src\\features\\shared\\constants.js": {"path":"C:\\Users\\Ziana Mega Devi\\Desktop\\Enigma\\react-native\\my-app\\src\\features\\shared\\constants.js","statementMap":{"0":{"start":{"line":1,"column":21},"end":{"line":8,"column":1}},"1":{"start":{"line":10,"column":23},"end":{"line":14,"column":1}},"2":{"start":{"line":16,"column":19},"end":{"line":19,"column":1}}},"fnMap":{},"branchMap":{},"s":{"0":3,"1":3,"2":3},"f":{},"b":{},"_coverageSchema":"1a1c01bbd47fc00a2c39e90264f33305004495a9","hash":"2524a6ef98e4dffa8d14eb60afbf77e7c432a849"}
,"C:\\Users\\Ziana Mega Devi\\Desktop\\Enigma\\react-native\\my-app\\src\\features\\shared\\components\\AppBackground.js": {"path":"C:\\Users\\Ziana Mega Devi\\Desktop\\Enigma\\react-native\\my-app\\src\\features\\shared\\components\\AppBackground.js","statementMap":{"0":{"start":{"line":4,"column":22},"end":{"line":14,"column":1}},"1":{"start":{"line":5,"column":18},"end":{"line":5,"column":28}},"2":{"start":{"line":6,"column":19},"end":{"line":6,"column":33}},"3":{"start":{"line":7,"column":4},"end":{"line":13,"column":5}},"4":{"start":{"line":16,"column":16},"end":{"line":26,"column":2}},"5":{"start":{"line":16,"column":27},"end":{"line":26,"column":2}}},"fnMap":{"0":{"name":"(anonymous_0)","decl":{"start":{"line":4,"column":22},"end":{"line":4,"column":23}},"loc":{"start":{"line":4,"column":45},"end":{"line":14,"column":1}},"line":4},"1":{"name":"(anonymous_1)","decl":{"start":{"line":16,"column":16},"end":{"line":16,"column":17}},"loc":{"start":{"line":16,"column":27},"end":{"line":26,"column":2}},"line":16}},"branchMap":{},"s":{"0":5,"1":21,"2":21,"3":21,"4":5,"5":21},"f":{"0":21,"1":21},"b":{},"_coverageSchema":"1a1c01bbd47fc00a2c39e90264f33305004495a9","hash":"76f92c840146b404fbf7f4e077aeb651823f7e6c"}
,"C:\\Users\\Ziana Mega Devi\\Desktop\\Enigma\\react-native\\my-app\\src\\features\\shared\\components\\Avatar.js": {"path":"C:\\Users\\Ziana Mega Devi\\Desktop\\Enigma\\react-native\\my-app\\src\\features\\shared\\components\\Avatar.js","statementMap":{"0":{"start":{"line":4,"column":15},"end":{"line":10,"column":1}},"1":{"start":{"line":5,"column":18},"end":{"line":5,"column":28}},"2":{"start":{"line":6,"column":19},"end":{"line":6,"column":33}},"3":{"start":{"line":7,"column":4},"end":{"line":9,"column":5}},"4":{"start":{"line":12,"column":16},"end":{"line":19,"column":2}},"5":{"start":{"line":12,"column":27},"end":{"line":19,"column":2}}},"fnMap":{"0":{"name":"(anonymous_0)","decl":{"start":{"line":4,"column":15},"end":{"line":4,"column":16}},"loc":{"start":{"line":4,"column":36},"end":{"line":10,"column":1}},"line":4},"1":{"name":"(anonymous_1)","decl":{"start":{"line":12,"column":16},"end":{"line":12,"column":17}},"loc":{"start":{"line":12,"column":27},"end":{"line":19,"column":2}},"line":12}},"branchMap":{"0":{"loc":{"start":{"line":4,"column":17},"end":{"line":4,"column":30}},"type":"default-arg","locations":[{"start":{"line":4,"column":28},"end":{"line":4,"column":30}}],"line":4}},"s":{"0":2,"1":2,"2":2,"3":2,"4":2,"5":2},"f":{"0":2,"1":2},"b":{"0":[0]},"_coverageSchema":"1a1c01bbd47fc00a2c39e90264f33305004495a9","hash":"980cd55395b0ec03667e2b4f43bdb17543016f34"}
,"C:\\Users\\Ziana Mega Devi\\Desktop\\Enigma\\react-native\\my-app\\src\\features\\shared\\components\\FormButton.js": {"path":"C:\\Users\\Ziana Mega Devi\\Desktop\\Enigma\\react-native\\my-app\\src\\features\\shared\\components\\FormButton.js","statementMap":{"0":{"start":{"line":4,"column":19},"end":{"line":12,"column":1}},"1":{"start":{"line":5,"column":18},"end":{"line":5,"column":28}},"2":{"start":{"line":6,"column":19},"end":{"line":6,"column":33}},"3":{"start":{"line":7,"column":4},"end":{"line":11,"column":5}},"4":{"start":{"line":16,"column":16},"end":{"line":31,"column":1}},"5":{"start":{"line":17,"column":4},"end":{"line":30,"column":6}}},"fnMap":{"0":{"name":"(anonymous_0)","decl":{"start":{"line":4,"column":19},"end":{"line":4,"column":20}},"loc":{"start":{"line":4,"column":41},"end":{"line":12,"column":1}},"line":4},"1":{"name":"(anonymous_1)","decl":{"start":{"line":16,"column":16},"end":{"line":16,"column":17}},"loc":{"start":{"line":17,"column":4},"end":{"line":30,"column":6}},"line":17}},"branchMap":{},"s":{"0":4,"1":18,"2":18,"3":18,"4":4,"5":18},"f":{"0":18,"1":18},"b":{},"_coverageSchema":"1a1c01bbd47fc00a2c39e90264f33305004495a9","hash":"da99752656fabcc5390777bb4b58167f9fefd858"}
,"C:\\Users\\Ziana Mega Devi\\Desktop\\Enigma\\react-native\\my-app\\src\\features\\shared\\components\\FormInput.js": {"path":"C:\\Users\\Ziana Mega Devi\\Desktop\\Enigma\\react-native\\my-app\\src\\features\\shared\\components\\FormInput.js","statementMap":{"0":{"start":{"line":4,"column":18},"end":{"line":17,"column":1}},"1":{"start":{"line":5,"column":18},"end":{"line":5,"column":28}},"2":{"start":{"line":6,"column":19},"end":{"line":6,"column":33}},"3":{"start":{"line":7,"column":4},"end":{"line":16,"column":5}},"4":{"start":{"line":19,"column":16},"end":{"line":32,"column":2}},"5":{"start":{"line":19,"column":27},"end":{"line":32,"column":2}}},"fnMap":{"0":{"name":"(anonymous_0)","decl":{"start":{"line":4,"column":18},"end":{"line":4,"column":19}},"loc":{"start":{"line":4,"column":82},"end":{"line":17,"column":1}},"line":4},"1":{"name":"(anonymous_1)","decl":{"start":{"line":19,"column":16},"end":{"line":19,"column":17}},"loc":{"start":{"line":19,"column":27},"end":{"line":32,"column":2}},"line":19}},"branchMap":{"0":{"loc":{"start":{"line":4,"column":42},"end":{"line":4,"column":56}},"type":"default-arg","locations":[{"start":{"line":4,"column":54},"end":{"line":4,"column":56}}],"line":4},"1":{"loc":{"start":{"line":4,"column":58},"end":{"line":4,"column":76}},"type":"default-arg","locations":[{"start":{"line":4,"column":67},"end":{"line":4,"column":76}}],"line":4}},"s":{"0":3,"1":15,"2":15,"3":15,"4":3,"5":15},"f":{"0":15,"1":15},"b":{"0":[0],"1":[15]},"_coverageSchema":"1a1c01bbd47fc00a2c39e90264f33305004495a9","hash":"8b71296ba4d16505ba76ed40b1c4eaaec4bb559d"}
,"C:\\Users\\Ziana Mega Devi\\Desktop\\Enigma\\react-native\\my-app\\src\\features\\shared\\components\\FormPassword.js": {"path":"C:\\Users\\Ziana Mega Devi\\Desktop\\Enigma\\react-native\\my-app\\src\\features\\shared\\components\\FormPassword.js","statementMap":{"0":{"start":{"line":6,"column":21},"end":{"line":28,"column":1}},"1":{"start":{"line":7,"column":18},"end":{"line":7,"column":28}},"2":{"start":{"line":8,"column":19},"end":{"line":8,"column":33}},"3":{"start":{"line":9,"column":36},"end":{"line":9,"column":50}},"4":{"start":{"line":10,"column":4},"end":{"line":27,"column":6}},"5":{"start":{"line":21,"column":38},"end":{"line":21,"column":60}},"6":{"start":{"line":30,"column":16},"end":{"line":48,"column":2}},"7":{"start":{"line":30,"column":27},"end":{"line":48,"column":2}}},"fnMap":{"0":{"name":"(anonymous_0)","decl":{"start":{"line":6,"column":21},"end":{"line":6,"column":22}},"loc":{"start":{"line":6,"column":67},"end":{"line":28,"column":1}},"line":6},"1":{"name":"(anonymous_1)","decl":{"start":{"line":21,"column":32},"end":{"line":21,"column":33}},"loc":{"start":{"line":21,"column":38},"end":{"line":21,"column":60}},"line":21},"2":{"name":"(anonymous_2)","decl":{"start":{"line":30,"column":16},"end":{"line":30,"column":17}},"loc":{"start":{"line":30,"column":27},"end":{"line":48,"column":2}},"line":30}},"branchMap":{"0":{"loc":{"start":{"line":6,"column":45},"end":{"line":6,"column":61}},"type":"default-arg","locations":[{"start":{"line":6,"column":59},"end":{"line":6,"column":61}}],"line":6},"1":{"loc":{"start":{"line":22,"column":30},"end":{"line":22,"column":64}},"type":"cond-expr","locations":[{"start":{"line":22,"column":41},"end":{"line":22,"column":56}},{"start":{"line":22,"column":59},"end":{"line":22,"column":64}}],"line":22}},"s":{"0":3,"1":15,"2":15,"3":15,"4":15,"5":0,"6":3,"7":15},"f":{"0":15,"1":0,"2":15},"b":{"0":[0],"1":[15,0]},"_coverageSchema":"1a1c01bbd47fc00a2c39e90264f33305004495a9","hash":"91a10cbbd587df7b7c363620664444657486da7f"}
,"C:\\Users\\Ziana Mega Devi\\Desktop\\Enigma\\react-native\\my-app\\src\\features\\shared\\components\\HeaderPageLabel.js": {"path":"C:\\Users\\Ziana Mega Devi\\Desktop\\Enigma\\react-native\\my-app\\src\\features\\shared\\components\\HeaderPageLabel.js","statementMap":{"0":{"start":{"line":6,"column":24},"end":{"line":22,"column":1}},"1":{"start":{"line":7,"column":18},"end":{"line":7,"column":28}},"2":{"start":{"line":8,"column":19},"end":{"line":8,"column":33}},"3":{"start":{"line":9,"column":22},"end":{"line":9,"column":24}},"4":{"start":{"line":10,"column":4},"end":{"line":15,"column":5}},"5":{"start":{"line":11,"column":8},"end":{"line":14,"column":9}},"6":{"start":{"line":16,"column":4},"end":{"line":21,"column":6}},"7":{"start":{"line":24,"column":16},"end":{"line":33,"column":2}},"8":{"start":{"line":24,"column":27},"end":{"line":33,"column":2}}},"fnMap":{"0":{"name":"(anonymous_0)","decl":{"start":{"line":6,"column":24},"end":{"line":6,"column":25}},"loc":{"start":{"line":6,"column":84},"end":{"line":22,"column":1}},"line":6},"1":{"name":"(anonymous_1)","decl":{"start":{"line":24,"column":16},"end":{"line":24,"column":17}},"loc":{"start":{"line":24,"column":27},"end":{"line":33,"column":2}},"line":24}},"branchMap":{"0":{"loc":{"start":{"line":6,"column":26},"end":{"line":6,"column":33}},"type":"default-arg","locations":[{"start":{"line":6,"column":31},"end":{"line":6,"column":33}}],"line":6},"1":{"loc":{"start":{"line":6,"column":35},"end":{"line":6,"column":42}},"type":"default-arg","locations":[{"start":{"line":6,"column":40},"end":{"line":6,"column":42}}],"line":6},"2":{"loc":{"start":{"line":6,"column":44},"end":{"line":6,"column":62}},"type":"default-arg","locations":[{"start":{"line":6,"column":57},"end":{"line":6,"column":62}}],"line":6},"3":{"loc":{"start":{"line":6,"column":64},"end":{"line":6,"column":78}},"type":"default-arg","locations":[{"start":{"line":6,"column":76},"end":{"line":6,"column":78}}],"line":6},"4":{"loc":{"start":{"line":10,"column":4},"end":{"line":15,"column":5}},"type":"if","locations":[{"start":{"line":10,"column":4},"end":{"line":15,"column":5}},{"start":{},"end":{}}],"line":10},"5":{"loc":{"start":{"line":19,"column":13},"end":{"line":19,"column":56}},"type":"binary-expr","locations":[{"start":{"line":19,"column":13},"end":{"line":19,"column":22}},{"start":{"line":19,"column":26},"end":{"line":19,"column":56}}],"line":19}},"s":{"0":2,"1":11,"2":11,"3":11,"4":11,"5":2,"6":11,"7":2,"8":11},"f":{"0":11,"1":11},"b":{"0":[0],"1":[11],"2":[9],"3":[9],"4":[2,9],"5":[11,2]},"_coverageSchema":"1a1c01bbd47fc00a2c39e90264f33305004495a9","hash":"76d1baa86739f60faa930f5ca4238da98ee36137"}
,"C:\\Users\\Ziana Mega Devi\\Desktop\\Enigma\\react-native\\my-app\\src\\features\\shared\\components\\MainContainer.js": {"path":"C:\\Users\\Ziana Mega Devi\\Desktop\\Enigma\\react-native\\my-app\\src\\features\\shared\\components\\MainContainer.js","statementMap":{"0":{"start":{"line":5,"column":22},"end":{"line":14,"column":1}},"1":{"start":{"line":6,"column":4},"end":{"line":13,"column":5}},"2":{"start":{"line":16,"column":15},"end":{"line":23,"column":2}}},"fnMap":{"0":{"name":"(anonymous_0)","decl":{"start":{"line":5,"column":22},"end":{"line":5,"column":23}},"loc":{"start":{"line":5,"column":48},"end":{"line":14,"column":1}},"line":5}},"branchMap":{"0":{"loc":{"start":{"line":5,"column":25},"end":{"line":5,"column":32}},"type":"default-arg","locations":[{"start":{"line":5,"column":30},"end":{"line":5,"column":32}}],"line":5}},"s":{"0":5,"1":21,"2":5},"f":{"0":21},"b":{"0":[16]},"_coverageSchema":"1a1c01bbd47fc00a2c39e90264f33305004495a9","hash":"220c181bb063e28593aaa23d6ad7e890e5813c32"}
,"C:\\Users\\Ziana Mega Devi\\Desktop\\Enigma\\react-native\\my-app\\src\\features\\shared\\components\\ModalDialog.js": {"path":"C:\\Users\\Ziana Mega Devi\\Desktop\\Enigma\\react-native\\my-app\\src\\features\\shared\\components\\ModalDialog.js","statementMap":{"0":{"start":{"line":4,"column":20},"end":{"line":29,"column":1}},"1":{"start":{"line":5,"column":4},"end":{"line":12,"column":7}},"2":{"start":{"line":6,"column":8},"end":{"line":11,"column":9}},"3":{"start":{"line":7,"column":30},"end":{"line":7,"column":55}},"4":{"start":{"line":8,"column":12},"end":{"line":10,"column":14}},"5":{"start":{"line":9,"column":16},"end":{"line":9,"column":39}},"6":{"start":{"line":14,"column":4},"end":{"line":28,"column":5}},"7":{"start":{"line":31,"column":15},"end":{"line":45,"column":2}}},"fnMap":{"0":{"name":"(anonymous_0)","decl":{"start":{"line":4,"column":20},"end":{"line":4,"column":21}},"loc":{"start":{"line":4,"column":82},"end":{"line":29,"column":1}},"line":4},"1":{"name":"(anonymous_1)","decl":{"start":{"line":5,"column":14},"end":{"line":5,"column":15}},"loc":{"start":{"line":5,"column":20},"end":{"line":12,"column":5}},"line":5},"2":{"name":"(anonymous_2)","decl":{"start":{"line":8,"column":18},"end":{"line":8,"column":19}},"loc":{"start":{"line":8,"column":24},"end":{"line":10,"column":13}},"line":8}},"branchMap":{"0":{"loc":{"start":{"line":4,"column":22},"end":{"line":4,"column":36}},"type":"default-arg","locations":[{"start":{"line":4,"column":32},"end":{"line":4,"column":36}}],"line":4},"1":{"loc":{"start":{"line":4,"column":48},"end":{"line":4,"column":67}},"type":"default-arg","locations":[{"start":{"line":4,"column":62},"end":{"line":4,"column":67}}],"line":4},"2":{"loc":{"start":{"line":6,"column":8},"end":{"line":11,"column":9}},"type":"if","locations":[{"start":{"line":6,"column":8},"end":{"line":11,"column":9}},{"start":{},"end":{}}],"line":6}},"s":{"0":2,"1":2,"2":2,"3":0,"4":0,"5":0,"6":2,"7":2},"f":{"0":2,"1":2,"2":0},"b":{"0":[1],"1":[2],"2":[0,2]},"_coverageSchema":"1a1c01bbd47fc00a2c39e90264f33305004495a9","hash":"283655f7132d0fcb8f925a80737ab06f24afca97"}
,"C:\\Users\\Ziana Mega Devi\\Desktop\\Enigma\\react-native\\my-app\\src\\features\\shared\\components\\Snackbar.js": {"path":"C:\\Users\\Ziana Mega Devi\\Desktop\\Enigma\\react-native\\my-app\\src\\features\\shared\\components\\Snackbar.js","statementMap":{"0":{"start":{"line":4,"column":17},"end":{"line":13,"column":1}},"1":{"start":{"line":5,"column":18},"end":{"line":5,"column":28}},"2":{"start":{"line":6,"column":19},"end":{"line":6,"column":33}},"3":{"start":{"line":8,"column":4},"end":{"line":12,"column":5}},"4":{"start":{"line":15,"column":16},"end":{"line":26,"column":2}},"5":{"start":{"line":15,"column":27},"end":{"line":26,"column":2}}},"fnMap":{"0":{"name":"(anonymous_0)","decl":{"start":{"line":4,"column":17},"end":{"line":4,"column":18}},"loc":{"start":{"line":4,"column":32},"end":{"line":13,"column":1}},"line":4},"1":{"name":"(anonymous_1)","decl":{"start":{"line":15,"column":16},"end":{"line":15,"column":17}},"loc":{"start":{"line":15,"column":27},"end":{"line":26,"column":2}},"line":15}},"branchMap":{},"s":{"0":3,"1":2,"2":2,"3":2,"4":3,"5":2},"f":{"0":2,"1":2},"b":{},"_coverageSchema":"1a1c01bbd47fc00a2c39e90264f33305004495a9","hash":"439bcd3c7867ea8238c083fa2cbff1d56fe495c0"}
,"C:\\Users\\Ziana Mega Devi\\Desktop\\Enigma\\react-native\\my-app\\src\\features\\shared\\components\\Spinner.js": {"path":"C:\\Users\\Ziana Mega Devi\\Desktop\\Enigma\\react-native\\my-app\\src\\features\\shared\\components\\Spinner.js","statementMap":{"0":{"start":{"line":4,"column":16},"end":{"line":15,"column":1}},"1":{"start":{"line":5,"column":18},"end":{"line":5,"column":28}},"2":{"start":{"line":6,"column":19},"end":{"line":6,"column":33}},"3":{"start":{"line":8,"column":4},"end":{"line":14,"column":5}},"4":{"start":{"line":17,"column":16},"end":{"line":35,"column":2}},"5":{"start":{"line":17,"column":27},"end":{"line":35,"column":2}}},"fnMap":{"0":{"name":"(anonymous_0)","decl":{"start":{"line":4,"column":16},"end":{"line":4,"column":17}},"loc":{"start":{"line":4,"column":44},"end":{"line":15,"column":1}},"line":4},"1":{"name":"(anonymous_1)","decl":{"start":{"line":17,"column":16},"end":{"line":17,"column":17}},"loc":{"start":{"line":17,"column":27},"end":{"line":35,"column":2}},"line":17}},"branchMap":{"0":{"loc":{"start":{"line":4,"column":18},"end":{"line":4,"column":38}},"type":"default-arg","locations":[{"start":{"line":4,"column":25},"end":{"line":4,"column":38}}],"line":4}},"s":{"0":3,"1":2,"2":2,"3":2,"4":3,"5":2},"f":{"0":2,"1":2},"b":{"0":[2]},"_coverageSchema":"1a1c01bbd47fc00a2c39e90264f33305004495a9","hash":"e3b0ad84e6e0872cf284dee6b537d182c3e12eda"}
,"C:\\Users\\Ziana Mega Devi\\Desktop\\Enigma\\react-native\\my-app\\src\\features\\shared\\components\\TitleLabel.js": {"path":"C:\\Users\\Ziana Mega Devi\\Desktop\\Enigma\\react-native\\my-app\\src\\features\\shared\\components\\TitleLabel.js","statementMap":{"0":{"start":{"line":4,"column":19},"end":{"line":11,"column":1}},"1":{"start":{"line":5,"column":18},"end":{"line":5,"column":28}},"2":{"start":{"line":6,"column":4},"end":{"line":10,"column":5}}},"fnMap":{"0":{"name":"(anonymous_0)","decl":{"start":{"line":4,"column":19},"end":{"line":4,"column":20}},"loc":{"start":{"line":4,"column":49},"end":{"line":11,"column":1}},"line":4}},"branchMap":{"0":{"loc":{"start":{"line":4,"column":27},"end":{"line":4,"column":43}},"type":"default-arg","locations":[{"start":{"line":4,"column":38},"end":{"line":4,"column":43}}],"line":4},"1":{"loc":{"start":{"line":8,"column":13},"end":{"line":8,"column":118}},"type":"cond-expr","locations":[{"start":{"line":8,"column":24},"end":{"line":8,"column":71}},{"start":{"line":8,"column":74},"end":{"line":8,"column":118}}],"line":8}},"s":{"0":4,"1":21,"2":21},"f":{"0":21},"b":{"0":[18],"1":[3,18]},"_coverageSchema":"1a1c01bbd47fc00a2c39e90264f33305004495a9","hash":"d68a12922afc6d1118d956f07ca9e39a32f440af"}
,"C:\\Users\\Ziana Mega Devi\\Desktop\\Enigma\\react-native\\my-app\\src\\features\\shared\\context\\DependencyContext.js": {"path":"C:\\Users\\Ziana Mega Devi\\Desktop\\Enigma\\react-native\\my-app\\src\\features\\shared\\context\\DependencyContext.js","statementMap":{"0":{"start":{"line":3,"column":33},"end":{"line":3,"column":50}},"1":{"start":{"line":6,"column":4},"end":{"line":10,"column":5}}},"fnMap":{"0":{"name":"DependencyProvider","decl":{"start":{"line":5,"column":16},"end":{"line":5,"column":34}},"loc":{"start":{"line":5,"column":57},"end":{"line":11,"column":1}},"line":5}},"branchMap":{},"s":{"0":1,"1":0},"f":{"0":0},"b":{},"_coverageSchema":"1a1c01bbd47fc00a2c39e90264f33305004495a9","hash":"a0d50aa82f466384cc5ff9a49b56511a5cbb3508"}
,"C:\\Users\\Ziana Mega Devi\\Desktop\\Enigma\\react-native\\my-app\\src\\features\\shared\\context\\ThemeContext.js": {"path":"C:\\Users\\Ziana Mega Devi\\Desktop\\Enigma\\react-native\\my-app\\src\\features\\shared\\context\\ThemeContext.js","statementMap":{"0":{"start":{"line":4,"column":21},"end":{"line":4,"column":38}},"1":{"start":{"line":5,"column":29},"end":{"line":11,"column":1}},"2":{"start":{"line":6,"column":4},"end":{"line":10,"column":5}},"3":{"start":{"line":13,"column":24},"end":{"line":15,"column":1}},"4":{"start":{"line":14,"column":4},"end":{"line":14,"column":35}}},"fnMap":{"0":{"name":"(anonymous_0)","decl":{"start":{"line":5,"column":29},"end":{"line":5,"column":30}},"loc":{"start":{"line":5,"column":45},"end":{"line":11,"column":1}},"line":5},"1":{"name":"(anonymous_1)","decl":{"start":{"line":13,"column":24},"end":{"line":13,"column":25}},"loc":{"start":{"line":13,"column":30},"end":{"line":15,"column":1}},"line":13}},"branchMap":{},"s":{"0":5,"1":5,"2":11,"3":5,"4":171},"f":{"0":11,"1":171},"b":{},"_coverageSchema":"1a1c01bbd47fc00a2c39e90264f33305004495a9","hash":"4c6ce29a4ae181e3262a650f90e53e9f808b2943"}
,"C:\\Users\\Ziana Mega Devi\\Desktop\\Enigma\\react-native\\my-app\\src\\features\\shared\\hook\\UseDependency.js": {"path":"C:\\Users\\Ziana Mega Devi\\Desktop\\Enigma\\react-native\\my-app\\src\\features\\shared\\hook\\UseDependency.js","statementMap":{"0":{"start":{"line":5,"column":4},"end":{"line":5,"column":41}}},"fnMap":{"0":{"name":"useDependency","decl":{"start":{"line":4,"column":16},"end":{"line":4,"column":29}},"loc":{"start":{"line":4,"column":32},"end":{"line":6,"column":1}},"line":4}},"branchMap":{},"s":{"0":0},"f":{"0":0},"b":{},"_coverageSchema":"1a1c01bbd47fc00a2c39e90264f33305004495a9","hash":"cfa3fecdb0cac1f832df599fe15ca78b729129b4"}
,"C:\\Users\\Ziana Mega Devi\\Desktop\\Enigma\\react-native\\my-app\\src\\features\\shared\\hook\\UseViewState.js": {"path":"C:\\Users\\Ziana Mega Devi\\Desktop\\Enigma\\react-native\\my-app\\src\\features\\shared\\hook\\UseViewState.js","statementMap":{"0":{"start":{"line":3,"column":21},"end":{"line":25,"column":1}},"1":{"start":{"line":4,"column":38},"end":{"line":4,"column":91}},"2":{"start":{"line":6,"column":23},"end":{"line":10,"column":5}},"3":{"start":{"line":7,"column":8},"end":{"line":9,"column":10}},"4":{"start":{"line":8,"column":12},"end":{"line":8,"column":117}},"5":{"start":{"line":12,"column":20},"end":{"line":16,"column":5}},"6":{"start":{"line":13,"column":8},"end":{"line":15,"column":10}},"7":{"start":{"line":14,"column":12},"end":{"line":14,"column":88}},"8":{"start":{"line":18,"column":21},"end":{"line":22,"column":5}},"9":{"start":{"line":19,"column":8},"end":{"line":21,"column":10}},"10":{"start":{"line":20,"column":12},"end":{"line":20,"column":87}},"11":{"start":{"line":24,"column":4},"end":{"line":24,"column":53}}},"fnMap":{"0":{"name":"(anonymous_0)","decl":{"start":{"line":3,"column":21},"end":{"line":3,"column":22}},"loc":{"start":{"line":3,"column":27},"end":{"line":25,"column":1}},"line":3},"1":{"name":"(anonymous_1)","decl":{"start":{"line":6,"column":23},"end":{"line":6,"column":24}},"loc":{"start":{"line":6,"column":59},"end":{"line":10,"column":5}},"line":6},"2":{"name":"(anonymous_2)","decl":{"start":{"line":7,"column":21},"end":{"line":7,"column":22}},"loc":{"start":{"line":7,"column":34},"end":{"line":9,"column":9}},"line":7},"3":{"name":"(anonymous_3)","decl":{"start":{"line":12,"column":20},"end":{"line":12,"column":21}},"loc":{"start":{"line":12,"column":44},"end":{"line":16,"column":5}},"line":12},"4":{"name":"(anonymous_4)","decl":{"start":{"line":13,"column":21},"end":{"line":13,"column":22}},"loc":{"start":{"line":13,"column":34},"end":{"line":15,"column":9}},"line":13},"5":{"name":"(anonymous_5)","decl":{"start":{"line":18,"column":21},"end":{"line":18,"column":22}},"loc":{"start":{"line":18,"column":46},"end":{"line":22,"column":5}},"line":18},"6":{"name":"(anonymous_6)","decl":{"start":{"line":19,"column":22},"end":{"line":19,"column":23}},"loc":{"start":{"line":19,"column":35},"end":{"line":21,"column":9}},"line":19}},"branchMap":{"0":{"loc":{"start":{"line":6,"column":24},"end":{"line":6,"column":40}},"type":"default-arg","locations":[{"start":{"line":6,"column":36},"end":{"line":6,"column":40}}],"line":6},"1":{"loc":{"start":{"line":6,"column":42},"end":{"line":6,"column":54}},"type":"default-arg","locations":[{"start":{"line":6,"column":50},"end":{"line":6,"column":54}}],"line":6},"2":{"loc":{"start":{"line":8,"column":48},"end":{"line":8,"column":77}},"type":"cond-expr","locations":[{"start":{"line":8,"column":56},"end":{"line":8,"column":60}},{"start":{"line":8,"column":63},"end":{"line":8,"column":77}}],"line":8},"3":{"loc":{"start":{"line":8,"column":86},"end":{"line":8,"column":116}},"type":"cond-expr","locations":[{"start":{"line":8,"column":94},"end":{"line":8,"column":98}},{"start":{"line":8,"column":101},"end":{"line":8,"column":116}}],"line":8},"4":{"loc":{"start":{"line":12,"column":27},"end":{"line":12,"column":39}},"type":"default-arg","locations":[{"start":{"line":12,"column":35},"end":{"line":12,"column":39}}],"line":12},"5":{"loc":{"start":{"line":14,"column":57},"end":{"line":14,"column":87}},"type":"cond-expr","locations":[{"start":{"line":14,"column":65},"end":{"line":14,"column":69}},{"start":{"line":14,"column":72},"end":{"line":14,"column":87}}],"line":14},"6":{"loc":{"start":{"line":18,"column":29},"end":{"line":18,"column":41}},"type":"default-arg","locations":[{"start":{"line":18,"column":37},"end":{"line":18,"column":41}}],"line":18},"7":{"loc":{"start":{"line":20,"column":43},"end":{"line":20,"column":72}},"type":"cond-expr","locations":[{"start":{"line":20,"column":51},"end":{"line":20,"column":55}},{"start":{"line":20,"column":58},"end":{"line":20,"column":72}}],"line":20}},"s":{"0":2,"1":12,"2":12,"3":2,"4":2,"5":12,"6":0,"7":0,"8":12,"9":6,"10":6,"11":12},"f":{"0":12,"1":2,"2":2,"3":0,"4":0,"5":6,"6":6},"b":{"0":[2],"1":[2],"2":[2,0],"3":[2,0],"4":[0],"5":[0,0],"6":[6],"7":[6,0]},"_coverageSchema":"1a1c01bbd47fc00a2c39e90264f33305004495a9","hash":"1ea145293efd4c72211e2af4b9db9670274aea1f"}
,"C:\\Users\\Ziana Mega Devi\\Desktop\\Enigma\\react-native\\my-app\\src\\navigation\\AppRouter.js": {"path":"C:\\Users\\Ziana Mega Devi\\Desktop\\Enigma\\react-native\\my-app\\src\\navigation\\AppRouter.js","statementMap":{"0":{"start":{"line":16,"column":14},"end":{"line":16,"column":36}},"1":{"start":{"line":18,"column":18},"end":{"line":56,"column":1}},"2":{"start":{"line":19,"column":18},"end":{"line":19,"column":28}},"3":{"start":{"line":20,"column":27},"end":{"line":20,"column":36}},"4":{"start":{"line":21,"column":44},"end":{"line":21,"column":63}},"5":{"start":{"line":22,"column":4},"end":{"line":37,"column":10}},"6":{"start":{"line":23,"column":29},"end":{"line":35,"column":9}},"7":{"start":{"line":24,"column":12},"end":{"line":34,"column":13}},"8":{"start":{"line":25,"column":29},"end":{"line":25,"column":49}},"9":{"start":{"line":27,"column":16},"end":{"line":31,"column":17}},"10":{"start":{"line":28,"column":20},"end":{"line":28,"column":48}},"11":{"start":{"line":30,"column":20},"end":{"line":30,"column":50}},"12":{"start":{"line":33,"column":16},"end":{"line":33,"column":46}},"13":{"start":{"line":36,"column":8},"end":{"line":36,"column":23}},"14":{"start":{"line":39,"column":4},"end":{"line":55,"column":5}},"15":{"start":{"line":50,"column":39},"end":{"line":50,"column":118}}},"fnMap":{"0":{"name":"(anonymous_0)","decl":{"start":{"line":18,"column":18},"end":{"line":18,"column":19}},"loc":{"start":{"line":18,"column":42},"end":{"line":56,"column":1}},"line":18},"1":{"name":"(anonymous_1)","decl":{"start":{"line":22,"column":14},"end":{"line":22,"column":15}},"loc":{"start":{"line":22,"column":20},"end":{"line":37,"column":5}},"line":22},"2":{"name":"(anonymous_2)","decl":{"start":{"line":23,"column":29},"end":{"line":23,"column":30}},"loc":{"start":{"line":23,"column":41},"end":{"line":35,"column":9}},"line":23},"3":{"name":"(anonymous_3)","decl":{"start":{"line":50,"column":33},"end":{"line":50,"column":34}},"loc":{"start":{"line":50,"column":39},"end":{"line":50,"column":118}},"line":50}},"branchMap":{"0":{"loc":{"start":{"line":18,"column":20},"end":{"line":18,"column":36}},"type":"default-arg","locations":[{"start":{"line":18,"column":32},"end":{"line":18,"column":36}}],"line":18},"1":{"loc":{"start":{"line":27,"column":16},"end":{"line":31,"column":17}},"type":"if","locations":[{"start":{"line":27,"column":16},"end":{"line":31,"column":17}},{"start":{"line":29,"column":23},"end":{"line":31,"column":17}}],"line":27},"2":{"loc":{"start":{"line":39,"column":11},"end":{"line":55,"column":5}},"type":"cond-expr","locations":[{"start":{"line":40,"column":8},"end":{"line":52,"column":26}},{"start":{"line":54,"column":8},"end":{"line":54,"column":21}}],"line":39}},"s":{"0":1,"1":1,"2":8,"3":8,"4":8,"5":8,"6":4,"7":4,"8":4,"9":2,"10":1,"11":1,"12":2,"13":4,"14":8,"15":0},"f":{"0":8,"1":4,"2":4,"3":0},"b":{"0":[6],"1":[1,1],"2":[5,3]},"_coverageSchema":"1a1c01bbd47fc00a2c39e90264f33305004495a9","hash":"368393637f4322e4b142bfa764958ea64d75f97e"}
,"C:\\Users\\Ziana Mega Devi\\Desktop\\Enigma\\react-native\\my-app\\src\\navigation\\HomeRouter.js": {"path":"C:\\Users\\Ziana Mega Devi\\Desktop\\Enigma\\react-native\\my-app\\src\\navigation\\HomeRouter.js","statementMap":{"0":{"start":{"line":8,"column":12},"end":{"line":8,"column":38}},"1":{"start":{"line":10,"column":19},"end":{"line":30,"column":1}},"2":{"start":{"line":11,"column":18},"end":{"line":11,"column":28}},"3":{"start":{"line":12,"column":4},"end":{"line":29,"column":5}},"4":{"start":{"line":13,"column":52},"end":{"line":25,"column":9}},"5":{"start":{"line":15,"column":16},"end":{"line":22,"column":17}},"6":{"start":{"line":17,"column":24},"end":{"line":17,"column":83}},"7":{"start":{"line":19,"column":24},"end":{"line":19,"column":91}},"8":{"start":{"line":21,"column":24},"end":{"line":21,"column":35}}},"fnMap":{"0":{"name":"(anonymous_0)","decl":{"start":{"line":10,"column":19},"end":{"line":10,"column":20}},"loc":{"start":{"line":10,"column":25},"end":{"line":30,"column":1}},"line":10},"1":{"name":"(anonymous_1)","decl":{"start":{"line":13,"column":38},"end":{"line":13,"column":39}},"loc":{"start":{"line":13,"column":52},"end":{"line":25,"column":9}},"line":13},"2":{"name":"(anonymous_2)","decl":{"start":{"line":14,"column":24},"end":{"line":14,"column":25}},"loc":{"start":{"line":14,"column":43},"end":{"line":23,"column":13}},"line":14}},"branchMap":{"0":{"loc":{"start":{"line":15,"column":16},"end":{"line":22,"column":17}},"type":"switch","locations":[{"start":{"line":16,"column":20},"end":{"line":17,"column":83}},{"start":{"line":18,"column":20},"end":{"line":19,"column":91}},{"start":{"line":20,"column":20},"end":{"line":21,"column":35}}],"line":15}},"s":{"0":1,"1":1,"2":1,"3":1,"4":2,"5":4,"6":2,"7":2,"8":0},"f":{"0":1,"1":2,"2":4},"b":{"0":[2,2,0]},"_coverageSchema":"1a1c01bbd47fc00a2c39e90264f33305004495a9","hash":"3e8c9c6bac41cb367c1d7401ebd2d11deee2ec79"}
,"C:\\Users\\Ziana Mega Devi\\Desktop\\Enigma\\react-native\\my-app\\src\\testHelper\\CustomRender.js": {"path":"C:\\Users\\Ziana Mega Devi\\Desktop\\Enigma\\react-native\\my-app\\src\\testHelper\\CustomRender.js","statementMap":{"0":{"start":{"line":5,"column":27},"end":{"line":16,"column":1}},"1":{"start":{"line":6,"column":20},"end":{"line":14,"column":5}},"2":{"start":{"line":7,"column":8},"end":{"line":13,"column":9}},"3":{"start":{"line":15,"column":4},"end":{"line":15,"column":66}}},"fnMap":{"0":{"name":"(anonymous_0)","decl":{"start":{"line":5,"column":27},"end":{"line":5,"column":28}},"loc":{"start":{"line":5,"column":67},"end":{"line":16,"column":1}},"line":5},"1":{"name":"(anonymous_1)","decl":{"start":{"line":6,"column":20},"end":{"line":6,"column":21}},"loc":{"start":{"line":6,"column":36},"end":{"line":14,"column":5}},"line":6}},"branchMap":{"0":{"loc":{"start":{"line":5,"column":39},"end":{"line":5,"column":62}},"type":"default-arg","locations":[{"start":{"line":5,"column":60},"end":{"line":5,"column":62}}],"line":5}},"s":{"0":5,"1":11,"2":11,"3":11},"f":{"0":11,"1":11},"b":{"0":[11]},"_coverageSchema":"1a1c01bbd47fc00a2c39e90264f33305004495a9","hash":"15098bf84f187e99e74aa29e71b0c7b2ef7aa91b"}
}
