TN:
SF:assets\img\background.jpg
FNF:0
FNH:0
DA:1,5
LF:1
LH:1
BRF:0
BRH:0
end_of_record
TN:
SF:src\features\Home\HomePage.js
FN:3,(anonymous_0)
FNF:1
FNH:1
FNDA:1,(anonymous_0)
DA:3,1
DA:4,1
LF:2
LH:2
BRF:0
BRH:0
end_of_record
TN:
SF:src\features\Home\Menu1.js
FN:7,(anonymous_0)
FN:11,(anonymous_1)
FN:19,(anonymous_2)
FNF:3
FNH:0
FNDA:0,(anonymous_0)
FNDA:0,(anonymous_1)
FNDA:0,(anonymous_2)
DA:7,1
DA:8,0
DA:9,0
DA:11,0
DA:12,0
DA:13,0
DA:17,0
DA:20,0
LF:8
LH:1
BRDA:12,0,0,0
BRDA:12,0,1,0
BRF:2
BRH:0
end_of_record
TN:
SF:src\features\Home\Main\MainPage.js
FN:15,(anonymous_0)
FN:51,(anonymous_1)
FN:57,(anonymous_2)
FN:72,(anonymous_3)
FN:80,(anonymous_4)
FN:86,(anonymous_5)
FN:94,(anonymous_6)
FN:130,(anonymous_7)
FNF:8
FNH:4
FNDA:2,(anonymous_0)
FNDA:2,(anonymous_1)
FNDA:1,(anonymous_2)
FNDA:0,(anonymous_3)
FNDA:0,(anonymous_4)
FNDA:0,(anonymous_5)
FNDA:0,(anonymous_6)
FNDA:2,(anonymous_7)
DA:15,1
DA:16,2
DA:17,2
DA:18,2
DA:19,2
DA:20,2
DA:21,2
DA:24,2
DA:51,2
DA:52,2
DA:53,0
DA:57,2
DA:58,1
DA:59,1
DA:60,1
DA:61,1
DA:64,0
DA:68,2
DA:72,0
DA:80,0
DA:95,0
DA:130,2
LF:22
LH:17
BRDA:52,0,0,0
BRDA:52,0,1,2
BRDA:60,1,0,1
BRDA:60,1,1,0
BRDA:72,2,0,2
BRDA:72,2,1,0
BRF:6
BRH:3
end_of_record
TN:
SF:src\features\Home\Main\components\MenuItems.js
FN:6,(anonymous_0)
FN:9,(anonymous_1)
FN:33,(anonymous_2)
FNF:3
FNH:3
FNDA:24,(anonymous_0)
FNDA:24,(anonymous_1)
FNDA:24,(anonymous_2)
DA:6,1
DA:7,24
DA:8,24
DA:9,24
DA:10,24
DA:11,24
DA:20,0
DA:26,24
DA:33,24
LF:9
LH:8
BRDA:10,0,0,24
BRDA:10,0,1,0
BRF:2
BRH:1
end_of_record
TN:
SF:src\features\Home\Main\components\MenuView.js
FN:5,(anonymous_0)
FN:21,(anonymous_1)
FN:25,(anonymous_2)
FN:43,(anonymous_3)
FNF:4
FNH:4
FNDA:2,(anonymous_0)
FNDA:24,(anonymous_1)
FNDA:2,(anonymous_2)
FNDA:24,(anonymous_3)
DA:5,1
DA:6,2
DA:7,2
DA:21,2
DA:22,24
DA:25,2
DA:26,2
DA:27,2
DA:28,24
DA:29,24
DA:30,24
DA:31,24
DA:34,24
DA:35,0
DA:38,24
DA:43,24
DA:47,24
DA:49,2
DA:52,2
LF:19
LH:18
BRDA:34,0,0,0
BRDA:34,0,1,24
BRF:2
BRH:1
end_of_record
TN:
SF:src\features\Home\Main\components\PromoItem.js
FN:5,(anonymous_0)
FN:20,(anonymous_1)
FNF:2
FNH:2
FNDA:24,(anonymous_0)
FNDA:24,(anonymous_1)
DA:5,1
DA:6,24
DA:7,24
DA:8,24
DA:20,24
LF:5
LH:5
BRF:0
BRH:0
end_of_record
TN:
SF:src\features\Home\Main\components\PromoView.js
FN:4,(anonymous_0)
FN:18,(anonymous_1)
FNF:2
FNH:2
FNDA:2,(anonymous_0)
FNDA:2,(anonymous_1)
DA:4,1
DA:5,2
DA:18,2
DA:19,2
DA:20,2
DA:21,12
DA:22,12
DA:23,12
DA:24,0
DA:26,12
DA:30,12
DA:32,2
DA:35,2
LF:13
LH:12
BRDA:23,0,0,0
BRDA:23,0,1,12
BRDA:28,1,0,12
BRDA:28,1,1,12
BRF:4
BRH:3
end_of_record
TN:
SF:src\features\Login\LoginPage.js
FN:12,(anonymous_0)
FNF:1
FNH:1
FNDA:15,(anonymous_0)
DA:12,3
DA:13,15
DA:15,15
DA:33,3
LF:4
LH:4
BRDA:17,0,0,15
BRDA:17,0,1,2
BRDA:28,1,0,15
BRDA:28,1,1,2
BRF:4
BRH:4
end_of_record
TN:
SF:src\features\Login\UseLoginPage.js
FN:8,(anonymous_0)
FN:15,(anonymous_1)
FN:19,(anonymous_2)
FNF:3
FNH:3
FNDA:12,(anonymous_0)
FNDA:5,(anonymous_1)
FNDA:2,(anonymous_2)
DA:8,2
DA:9,12
DA:10,12
DA:11,12
DA:12,12
DA:13,12
DA:15,12
DA:16,5
DA:19,12
DA:20,2
DA:21,2
DA:22,2
DA:23,2
DA:24,1
DA:26,1
DA:27,1
DA:28,1
DA:30,0
DA:34,1
DA:37,12
LF:20
LH:19
BRDA:23,0,0,1
BRDA:23,0,1,1
BRDA:23,1,0,2
BRDA:23,1,1,1
BRDA:27,2,0,1
BRDA:27,2,1,0
BRF:6
BRH:5
end_of_record
TN:
SF:src\features\Pin\PinPage.js
FN:8,(anonymous_0)
FN:20,(anonymous_1)
FN:25,(anonymous_2)
FN:28,(anonymous_3)
FN:37,(anonymous_4)
FN:50,(anonymous_5)
FN:63,(anonymous_6)
FN:95,(anonymous_7)
FN:120,(anonymous_8)
FN:126,(anonymous_9)
FN:142,(anonymous_10)
FNF:11
FNH:0
FNDA:0,(anonymous_0)
FNDA:0,(anonymous_1)
FNDA:0,(anonymous_2)
FNDA:0,(anonymous_3)
FNDA:0,(anonymous_4)
FNDA:0,(anonymous_5)
FNDA:0,(anonymous_6)
FNDA:0,(anonymous_7)
FNDA:0,(anonymous_8)
FNDA:0,(anonymous_9)
FNDA:0,(anonymous_10)
DA:8,1
DA:9,0
DA:10,0
DA:11,0
DA:12,0
DA:13,0
DA:14,0
DA:16,0
DA:17,0
DA:18,0
DA:19,0
DA:20,0
DA:21,0
DA:25,0
DA:26,0
DA:28,0
DA:37,0
DA:38,0
DA:39,0
DA:40,0
DA:41,0
DA:42,0
DA:44,0
DA:47,0
DA:50,0
DA:51,0
DA:52,0
DA:53,0
DA:54,0
DA:55,0
DA:57,0
DA:60,0
DA:63,0
DA:64,0
DA:65,0
DA:87,0
DA:96,0
DA:97,0
DA:120,0
DA:127,0
DA:142,1
LF:41
LH:2
BRDA:40,0,0,0
BRDA:40,0,1,0
BRDA:53,1,0,0
BRDA:53,1,1,0
BRDA:64,2,0,0
BRDA:64,2,1,0
BRDA:96,3,0,0
BRDA:96,3,1,0
BRF:8
BRH:0
end_of_record
TN:
SF:src\features\Pin\PinPage2.js
FN:10,(anonymous_0)
FN:18,(anonymous_1)
FN:22,(anonymous_2)
FN:31,(anonymous_3)
FN:35,(anonymous_4)
FN:39,(anonymous_5)
FN:40,(anonymous_6)
FN:41,(anonymous_7)
FN:56,(anonymous_8)
FN:83,(anonymous_9)
FNF:10
FNH:0
FNDA:0,(anonymous_0)
FNDA:0,(anonymous_1)
FNDA:0,(anonymous_2)
FNDA:0,(anonymous_3)
FNDA:0,(anonymous_4)
FNDA:0,(anonymous_5)
FNDA:0,(anonymous_6)
FNDA:0,(anonymous_7)
FNDA:0,(anonymous_8)
FNDA:0,(anonymous_9)
DA:10,1
DA:11,0
DA:12,0
DA:13,0
DA:14,0
DA:15,0
DA:16,0
DA:18,0
DA:19,0
DA:22,0
DA:23,0
DA:24,0
DA:31,0
DA:32,0
DA:35,0
DA:36,0
DA:38,0
DA:39,0
DA:40,0
DA:41,0
DA:42,0
DA:43,0
DA:45,0
DA:46,0
DA:47,0
DA:48,0
DA:49,0
DA:51,0
DA:56,0
DA:60,0
DA:62,0
DA:65,0
DA:84,0
LF:33
LH:1
BRDA:23,0,0,0
BRDA:23,0,1,0
BRF:2
BRH:0
end_of_record
TN:
SF:src\features\Pin\components\PinButton.js
FN:4,(anonymous_0)
FN:7,(anonymous_1)
FN:9,(anonymous_2)
FN:17,(anonymous_3)
FN:20,(anonymous_4)
FN:43,(anonymous_5)
FNF:6
FNH:0
FNDA:0,(anonymous_0)
FNDA:0,(anonymous_1)
FNDA:0,(anonymous_2)
FNDA:0,(anonymous_3)
FNDA:0,(anonymous_4)
FNDA:0,(anonymous_5)
DA:4,1
DA:5,0
DA:6,0
DA:7,0
DA:8,0
DA:9,0
DA:10,0
DA:11,0
DA:13,0
DA:17,0
DA:20,0
DA:21,0
DA:22,0
DA:30,0
DA:36,0
DA:43,1
LF:16
LH:2
BRDA:8,0,0,0
BRDA:8,0,1,0
BRDA:10,1,0,0
BRDA:10,1,1,0
BRDA:21,2,0,0
BRDA:21,2,1,0
BRF:6
BRH:0
end_of_record
TN:
SF:src\features\Pin\components\PinInputIndicators.js
FN:5,(anonymous_0)
FN:7,(anonymous_1)
FNF:2
FNH:0
FNDA:0,(anonymous_0)
FNDA:0,(anonymous_1)
DA:5,1
DA:6,0
DA:7,0
DA:8,0
DA:9,0
DA:10,0
DA:20,0
DA:23,0
LF:8
LH:1
BRDA:13,0,0,0
BRDA:13,0,1,0
BRF:2
BRH:0
end_of_record
TN:
SF:src\features\Welcome\WelcomePage.js
FN:10,(anonymous_0)
FN:26,(anonymous_1)
FNF:2
FNH:1
FNDA:3,(anonymous_0)
FNDA:0,(anonymous_1)
DA:10,2
DA:11,3
DA:12,3
DA:27,0
DA:35,2
LF:5
LH:4
BRF:0
BRH:0
end_of_record
TN:
SF:src\features\products\ProductList.js
FN:9,(anonymous_0)
FN:16,(anonymous_1)
FN:20,(anonymous_2)
FN:27,(anonymous_3)
FN:29,(anonymous_4)
FN:31,(anonymous_5)
FN:45,(anonymous_6)
FNF:7
FNH:4
FNDA:1,(anonymous_0)
FNDA:4,(anonymous_1)
FNDA:0,(anonymous_2)
FNDA:2,(anonymous_3)
FNDA:0,(anonymous_4)
FNDA:0,(anonymous_5)
FNDA:2,(anonymous_6)
DA:9,2
DA:10,1
DA:11,1
DA:14,1
DA:16,1
DA:17,4
DA:20,1
DA:21,0
DA:22,0
DA:24,0
DA:27,1
DA:28,2
DA:29,0
DA:31,0
DA:35,1
DA:45,2
LF:16
LH:11
BRDA:21,0,0,0
BRDA:21,0,1,0
BRDA:21,1,0,0
BRDA:21,1,1,0
BRF:4
BRH:0
end_of_record
TN:
SF:src\features\products\UseProductList.js
FN:5,(anonymous_0)
FN:11,(anonymous_1)
FN:29,(anonymous_2)
FN:33,(anonymous_3)
FN:35,(anonymous_4)
FN:41,(anonymous_5)
FN:49,(anonymous_6)
FNF:7
FNH:0
FNDA:0,(anonymous_0)
FNDA:0,(anonymous_1)
FNDA:0,(anonymous_2)
FNDA:0,(anonymous_3)
FNDA:0,(anonymous_4)
FNDA:0,(anonymous_5)
FNDA:0,(anonymous_6)
DA:5,1
DA:6,0
DA:7,0
DA:8,0
DA:9,0
DA:11,0
DA:12,0
DA:13,0
DA:14,0
DA:15,0
DA:16,0
DA:18,0
DA:19,0
DA:21,0
DA:23,0
DA:24,0
DA:25,0
DA:29,0
DA:30,0
DA:33,0
DA:34,0
DA:35,0
DA:37,0
DA:41,0
DA:42,0
DA:43,0
DA:45,0
DA:49,0
DA:50,0
DA:51,0
DA:54,0
LF:31
LH:1
BRDA:15,0,0,0
BRDA:15,0,1,0
BRDA:34,1,0,0
BRDA:34,1,1,0
BRDA:42,2,0,0
BRDA:42,2,1,0
BRF:6
BRH:0
end_of_record
TN:
SF:src\features\products\components\ProductItems.js
FN:7,(anonymous_0)
FN:10,(anonymous_1)
FN:27,(anonymous_2)
FN:38,(anonymous_3)
FNF:4
FNH:4
FNDA:2,(anonymous_0)
FNDA:2,(anonymous_1)
FNDA:4,(anonymous_2)
FNDA:2,(anonymous_3)
DA:7,2
DA:8,2
DA:9,2
DA:10,2
DA:11,2
DA:15,2
DA:23,2
DA:27,4
DA:38,2
LF:9
LH:9
BRF:0
BRH:0
end_of_record
TN:
SF:src\features\shared\Theme.js
FNF:0
FNH:0
DA:1,5
DA:9,5
LF:2
LH:2
BRF:0
BRH:0
end_of_record
TN:
SF:src\features\shared\constants.js
FNF:0
FNH:0
DA:1,3
DA:10,3
DA:16,3
LF:3
LH:3
BRF:0
BRH:0
end_of_record
TN:
SF:src\features\shared\components\AppBackground.js
FN:4,(anonymous_0)
FN:16,(anonymous_1)
FNF:2
FNH:2
FNDA:21,(anonymous_0)
FNDA:21,(anonymous_1)
DA:4,5
DA:5,21
DA:6,21
DA:7,21
DA:16,21
LF:5
LH:5
BRF:0
BRH:0
end_of_record
TN:
SF:src\features\shared\components\Avatar.js
FN:4,(anonymous_0)
FN:12,(anonymous_1)
FNF:2
FNH:2
FNDA:2,(anonymous_0)
FNDA:2,(anonymous_1)
DA:4,2
DA:5,2
DA:6,2
DA:7,2
DA:12,2
LF:5
LH:5
BRDA:4,0,0,0
BRF:1
BRH:0
end_of_record
TN:
SF:src\features\shared\components\FormButton.js
FN:4,(anonymous_0)
FN:16,(anonymous_1)
FNF:2
FNH:2
FNDA:18,(anonymous_0)
FNDA:18,(anonymous_1)
DA:4,4
DA:5,18
DA:6,18
DA:7,18
DA:16,4
DA:17,18
LF:6
LH:6
BRF:0
BRH:0
end_of_record
TN:
SF:src\features\shared\components\FormInput.js
FN:4,(anonymous_0)
FN:19,(anonymous_1)
FNF:2
FNH:2
FNDA:15,(anonymous_0)
FNDA:15,(anonymous_1)
DA:4,3
DA:5,15
DA:6,15
DA:7,15
DA:19,15
LF:5
LH:5
BRDA:4,0,0,0
BRDA:4,1,0,15
BRF:2
BRH:1
end_of_record
TN:
SF:src\features\shared\components\FormPassword.js
FN:6,(anonymous_0)
FN:21,(anonymous_1)
FN:30,(anonymous_2)
FNF:3
FNH:2
FNDA:15,(anonymous_0)
FNDA:0,(anonymous_1)
FNDA:15,(anonymous_2)
DA:6,3
DA:7,15
DA:8,15
DA:9,15
DA:10,15
DA:21,0
DA:30,15
LF:7
LH:6
BRDA:6,0,0,0
BRDA:22,1,0,15
BRDA:22,1,1,0
BRF:3
BRH:1
end_of_record
TN:
SF:src\features\shared\components\HeaderPageLabel.js
FN:6,(anonymous_0)
FN:24,(anonymous_1)
FNF:2
FNH:2
FNDA:11,(anonymous_0)
FNDA:11,(anonymous_1)
DA:6,2
DA:7,11
DA:8,11
DA:9,11
DA:10,11
DA:11,2
DA:16,11
DA:24,11
LF:8
LH:8
BRDA:6,0,0,0
BRDA:6,1,0,11
BRDA:6,2,0,9
BRDA:6,3,0,9
BRDA:10,4,0,2
BRDA:10,4,1,9
BRDA:19,5,0,11
BRDA:19,5,1,2
BRF:8
BRH:7
end_of_record
TN:
SF:src\features\shared\components\MainContainer.js
FN:5,(anonymous_0)
FNF:1
FNH:1
FNDA:21,(anonymous_0)
DA:5,5
DA:6,21
DA:16,5
LF:3
LH:3
BRDA:5,0,0,16
BRF:1
BRH:1
end_of_record
TN:
SF:src\features\shared\components\ModalDialog.js
FN:4,(anonymous_0)
FN:5,(anonymous_1)
FN:8,(anonymous_2)
FNF:3
FNH:2
FNDA:2,(anonymous_0)
FNDA:2,(anonymous_1)
FNDA:0,(anonymous_2)
DA:4,2
DA:5,2
DA:6,2
DA:7,0
DA:8,0
DA:9,0
DA:14,2
DA:31,2
LF:8
LH:5
BRDA:4,0,0,1
BRDA:4,1,0,2
BRDA:6,2,0,0
BRDA:6,2,1,2
BRF:4
BRH:3
end_of_record
TN:
SF:src\features\shared\components\Snackbar.js
FN:4,(anonymous_0)
FN:15,(anonymous_1)
FNF:2
FNH:2
FNDA:2,(anonymous_0)
FNDA:2,(anonymous_1)
DA:4,3
DA:5,2
DA:6,2
DA:8,2
DA:15,3
LF:5
LH:5
BRF:0
BRH:0
end_of_record
TN:
SF:src\features\shared\components\Spinner.js
FN:4,(anonymous_0)
FN:17,(anonymous_1)
FNF:2
FNH:2
FNDA:2,(anonymous_0)
FNDA:2,(anonymous_1)
DA:4,3
DA:5,2
DA:6,2
DA:8,2
DA:17,3
LF:5
LH:5
BRDA:4,0,0,2
BRF:1
BRH:1
end_of_record
TN:
SF:src\features\shared\components\TitleLabel.js
FN:4,(anonymous_0)
FNF:1
FNH:1
FNDA:21,(anonymous_0)
DA:4,4
DA:5,21
DA:6,21
LF:3
LH:3
BRDA:4,0,0,18
BRDA:8,1,0,3
BRDA:8,1,1,18
BRF:3
BRH:3
end_of_record
TN:
SF:src\features\shared\context\DependencyContext.js
FN:5,DependencyProvider
FNF:1
FNH:0
FNDA:0,DependencyProvider
DA:3,1
DA:6,0
LF:2
LH:1
BRF:0
BRH:0
end_of_record
TN:
SF:src\features\shared\context\ThemeContext.js
FN:5,(anonymous_0)
FN:13,(anonymous_1)
FNF:2
FNH:2
FNDA:11,(anonymous_0)
FNDA:171,(anonymous_1)
DA:4,5
DA:5,5
DA:6,11
DA:13,5
DA:14,171
LF:5
LH:5
BRF:0
BRH:0
end_of_record
TN:
SF:src\features\shared\hook\UseDependency.js
FN:4,useDependency
FNF:1
FNH:0
FNDA:0,useDependency
DA:5,0
LF:1
LH:0
BRF:0
BRH:0
end_of_record
TN:
SF:src\features\shared\hook\UseViewState.js
FN:3,(anonymous_0)
FN:6,(anonymous_1)
FN:7,(anonymous_2)
FN:12,(anonymous_3)
FN:13,(anonymous_4)
FN:18,(anonymous_5)
FN:19,(anonymous_6)
FNF:7
FNH:5
FNDA:12,(anonymous_0)
FNDA:2,(anonymous_1)
FNDA:2,(anonymous_2)
FNDA:0,(anonymous_3)
FNDA:0,(anonymous_4)
FNDA:6,(anonymous_5)
FNDA:6,(anonymous_6)
DA:3,2
DA:4,12
DA:6,12
DA:7,2
DA:8,2
DA:12,12
DA:13,0
DA:14,0
DA:18,12
DA:19,6
DA:20,6
DA:24,12
LF:12
LH:10
BRDA:6,0,0,2
BRDA:6,1,0,2
BRDA:8,2,0,2
BRDA:8,2,1,0
BRDA:8,3,0,2
BRDA:8,3,1,0
BRDA:12,4,0,0
BRDA:14,5,0,0
BRDA:14,5,1,0
BRDA:18,6,0,6
BRDA:20,7,0,6
BRDA:20,7,1,0
BRF:12
BRH:6
end_of_record
TN:
SF:src\navigation\AppRouter.js
FN:18,(anonymous_0)
FN:22,(anonymous_1)
FN:23,(anonymous_2)
FN:50,(anonymous_3)
FNF:4
FNH:3
FNDA:8,(anonymous_0)
FNDA:4,(anonymous_1)
FNDA:4,(anonymous_2)
FNDA:0,(anonymous_3)
DA:16,1
DA:18,1
DA:19,8
DA:20,8
DA:21,8
DA:22,8
DA:23,4
DA:24,4
DA:25,4
DA:27,2
DA:28,1
DA:30,1
DA:33,2
DA:36,4
DA:39,8
DA:50,0
LF:16
LH:15
BRDA:18,0,0,6
BRDA:27,1,0,1
BRDA:27,1,1,1
BRDA:39,2,0,5
BRDA:39,2,1,3
BRF:5
BRH:5
end_of_record
TN:
SF:src\navigation\HomeRouter.js
FN:10,(anonymous_0)
FN:13,(anonymous_1)
FN:14,(anonymous_2)
FNF:3
FNH:3
FNDA:1,(anonymous_0)
FNDA:2,(anonymous_1)
FNDA:4,(anonymous_2)
DA:8,1
DA:10,1
DA:11,1
DA:12,1
DA:13,2
DA:15,4
DA:17,2
DA:19,2
DA:21,0
LF:9
LH:8
BRDA:15,0,0,2
BRDA:15,0,1,2
BRDA:15,0,2,0
BRF:3
BRH:2
end_of_record
TN:
SF:src\testHelper\CustomRender.js
FN:5,(anonymous_0)
FN:6,(anonymous_1)
FNF:2
FNH:2
FNDA:11,(anonymous_0)
FNDA:11,(anonymous_1)
DA:5,5
DA:6,11
DA:7,11
DA:15,11
LF:4
LH:4
BRDA:5,0,0,11
BRF:1
BRH:1
end_of_record
